[ 2019-01-29T11:26:18+08:00 ][ sql ] [ DB ] CONNECT:[ UseTime:0.002164s ] mysql:host=127.0.0.1;dbname=car;charset=utf8
[ 2019-01-29T11:26:18+08:00 ][ sql ] [ SQL ] SHOW TABLE STATUS LIKE 'content' [ RunTime:0.000661s ]
[ 2019-01-29T11:26:18+08:00 ][ sql ] [ SQL ] SELECT * FROM `information_schema`.`columns` WHERE TABLE_SCHEMA = 'car' AND table_name = 'content' ORDER BY ORDINAL_POSITION [ RunTime:0.001695s ]
[ 2019-01-29T11:26:18+08:00 ][ sql ] [ DB ] CONNECT:[ UseTime:0.002232s ] mysql:host=127.0.0.1;dbname=car;charset=utf8
[ 2019-01-29T11:26:18+08:00 ][ sql ] [ SQL ] SHOW COLUMNS FROM `auth_rule` [ RunTime:0.001794s ]
[ 2019-01-29T11:26:18+08:00 ][ sql ] [ SQL ] SELECT * FROM `auth_rule` WHERE  `name` = 'content' LIMIT 1 [ RunTime:0.000685s ]
[ 2019-01-29T11:26:18+08:00 ][ sql ] [ SQL ] INSERT INTO `auth_rule` (`pid` , `name` , `title` , `icon` , `remark` , `ismenu` , `status` , `createtime` , `updatetime`) VALUES (0 , 'content' , '软文列管理' , 'fa fa-circle-o' , '' , 1 , 'normal' , 1548732378 , 1548732378) [ RunTime:0.005356s ]
[ 2019-01-29T11:26:18+08:00 ][ sql ] [ SQL ] SELECT `id` FROM `auth_rule` WHERE  `name` = 'content/index' LIMIT 1 [ RunTime:0.000332s ]
[ 2019-01-29T11:26:18+08:00 ][ sql ] [ SQL ] SELECT `id` FROM `auth_rule` WHERE  `name` = 'content/add' LIMIT 1 [ RunTime:0.000301s ]
[ 2019-01-29T11:26:18+08:00 ][ sql ] [ SQL ] SELECT `id` FROM `auth_rule` WHERE  `name` = 'content/edit' LIMIT 1 [ RunTime:0.000295s ]
[ 2019-01-29T11:26:18+08:00 ][ sql ] [ SQL ] SELECT `id` FROM `auth_rule` WHERE  `name` = 'content/del' LIMIT 1 [ RunTime:0.000280s ]
[ 2019-01-29T11:26:18+08:00 ][ sql ] [ SQL ] SELECT `id` FROM `auth_rule` WHERE  `name` = 'content/multi' LIMIT 1 [ RunTime:0.000284s ]
[ 2019-01-29T11:26:18+08:00 ][ sql ] [ SQL ] INSERT INTO `auth_rule` (`id` , `pid` , `name` , `icon` , `title` , `ismenu` , `status` , `createtime` , `updatetime`) VALUES (NULL , 181 , 'content/index' , 'fa fa-circle-o' , '查看' , 0 , 'normal' , 1548732378 , 1548732378) [ RunTime:0.000298s ]
[ 2019-01-29T11:26:18+08:00 ][ sql ] [ SQL ] INSERT INTO `auth_rule` (`id` , `pid` , `name` , `icon` , `title` , `ismenu` , `status` , `createtime` , `updatetime`) VALUES (NULL , 181 , 'content/add' , 'fa fa-circle-o' , '添加' , 0 , 'normal' , 1548732378 , 1548732378) [ RunTime:0.000272s ]
[ 2019-01-29T11:26:18+08:00 ][ sql ] [ SQL ] INSERT INTO `auth_rule` (`id` , `pid` , `name` , `icon` , `title` , `ismenu` , `status` , `createtime` , `updatetime`) VALUES (NULL , 181 , 'content/edit' , 'fa fa-circle-o' , '编辑' , 0 , 'normal' , 1548732378 , 1548732378) [ RunTime:0.000267s ]
[ 2019-01-29T11:26:18+08:00 ][ sql ] [ SQL ] INSERT INTO `auth_rule` (`id` , `pid` , `name` , `icon` , `title` , `ismenu` , `status` , `createtime` , `updatetime`) VALUES (NULL , 181 , 'content/del' , 'fa fa-circle-o' , '删除' , 0 , 'normal' , 1548732378 , 1548732378) [ RunTime:0.000268s ]
[ 2019-01-29T11:26:18+08:00 ][ sql ] [ SQL ] INSERT INTO `auth_rule` (`id` , `pid` , `name` , `icon` , `title` , `ismenu` , `status` , `createtime` , `updatetime`) VALUES (NULL , 181 , 'content/multi' , 'fa fa-circle-o' , '批量更新' , 0 , 'normal' , 1548732378 , 1548732378) [ RunTime:0.000276s ]
[ 2019-01-29T11:30:22+08:00 ][ sql ] [ DB ] CONNECT:[ UseTime:0.002344s ] mysql:host=127.0.0.1;dbname=car;charset=utf8
[ 2019-01-29T11:30:22+08:00 ][ sql ] [ SQL ] SHOW TABLE STATUS LIKE 'content' [ RunTime:0.000697s ]
[ 2019-01-29T11:31:08+08:00 ][ sql ] [ DB ] CONNECT:[ UseTime:0.002180s ] mysql:host=127.0.0.1;dbname=car;charset=utf8
[ 2019-01-29T11:31:08+08:00 ][ sql ] [ SQL ] SHOW TABLE STATUS LIKE 'conetent' [ RunTime:0.000561s ]
[ 2019-01-29T11:31:08+08:00 ][ sql ] [ SQL ] SHOW TABLE STATUS LIKE 'conetent' [ RunTime:0.000383s ]
[ 2019-01-29T11:31:17+08:00 ][ sql ] [ DB ] CONNECT:[ UseTime:0.002430s ] mysql:host=127.0.0.1;dbname=car;charset=utf8
[ 2019-01-29T11:31:17+08:00 ][ sql ] [ SQL ] SHOW TABLE STATUS LIKE 'content' [ RunTime:0.000642s ]
[ 2019-01-29T11:32:50+08:00 ][ sql ] [ DB ] CONNECT:[ UseTime:0.002280s ] mysql:host=127.0.0.1;dbname=car;charset=utf8
[ 2019-01-29T11:32:50+08:00 ][ sql ] [ SQL ] SHOW TABLE STATUS LIKE 'content' [ RunTime:0.000651s ]
[ 2019-01-29T11:32:50+08:00 ][ sql ] [ SQL ] SELECT * FROM `information_schema`.`columns` WHERE TABLE_SCHEMA = 'car' AND table_name = 'content' ORDER BY ORDINAL_POSITION [ RunTime:0.001599s ]
[ 2019-01-29T11:32:50+08:00 ][ sql ] [ DB ] CONNECT:[ UseTime:0.002269s ] mysql:host=127.0.0.1;dbname=car;charset=utf8
[ 2019-01-29T11:32:50+08:00 ][ sql ] [ SQL ] SHOW COLUMNS FROM `auth_rule` [ RunTime:0.001781s ]
[ 2019-01-29T11:32:50+08:00 ][ sql ] [ SQL ] SELECT * FROM `auth_rule` WHERE  `name` = 'content' LIMIT 1 [ RunTime:0.000685s ]
[ 2019-01-29T11:32:50+08:00 ][ sql ] [ SQL ] INSERT INTO `auth_rule` (`pid` , `name` , `title` , `icon` , `remark` , `ismenu` , `status` , `createtime` , `updatetime`) VALUES (0 , 'content' , '软文列管理' , 'fa fa-circle-o' , '' , 1 , 'normal' , 1548732770 , 1548732770) [ RunTime:0.003861s ]
[ 2019-01-29T11:32:50+08:00 ][ sql ] [ SQL ] SELECT `id` FROM `auth_rule` WHERE  `name` = 'content/index' LIMIT 1 [ RunTime:0.000313s ]
[ 2019-01-29T11:32:50+08:00 ][ sql ] [ SQL ] SELECT `id` FROM `auth_rule` WHERE  `name` = 'content/add' LIMIT 1 [ RunTime:0.000245s ]
[ 2019-01-29T11:32:50+08:00 ][ sql ] [ SQL ] SELECT `id` FROM `auth_rule` WHERE  `name` = 'content/edit' LIMIT 1 [ RunTime:0.000259s ]
[ 2019-01-29T11:32:50+08:00 ][ sql ] [ SQL ] SELECT `id` FROM `auth_rule` WHERE  `name` = 'content/del' LIMIT 1 [ RunTime:0.000251s ]
[ 2019-01-29T11:32:50+08:00 ][ sql ] [ SQL ] SELECT `id` FROM `auth_rule` WHERE  `name` = 'content/multi' LIMIT 1 [ RunTime:0.000250s ]
[ 2019-01-29T11:32:50+08:00 ][ sql ] [ SQL ] INSERT INTO `auth_rule` (`id` , `pid` , `name` , `icon` , `title` , `ismenu` , `status` , `createtime` , `updatetime`) VALUES (NULL , 187 , 'content/index' , 'fa fa-circle-o' , '查看' , 0 , 'normal' , 1548732770 , 1548732770) [ RunTime:0.000299s ]
[ 2019-01-29T11:32:50+08:00 ][ sql ] [ SQL ] INSERT INTO `auth_rule` (`id` , `pid` , `name` , `icon` , `title` , `ismenu` , `status` , `createtime` , `updatetime`) VALUES (NULL , 187 , 'content/add' , 'fa fa-circle-o' , '添加' , 0 , 'normal' , 1548732770 , 1548732770) [ RunTime:0.000271s ]
[ 2019-01-29T11:32:50+08:00 ][ sql ] [ SQL ] INSERT INTO `auth_rule` (`id` , `pid` , `name` , `icon` , `title` , `ismenu` , `status` , `createtime` , `updatetime`) VALUES (NULL , 187 , 'content/edit' , 'fa fa-circle-o' , '编辑' , 0 , 'normal' , 1548732770 , 1548732770) [ RunTime:0.000244s ]
[ 2019-01-29T11:32:50+08:00 ][ sql ] [ SQL ] INSERT INTO `auth_rule` (`id` , `pid` , `name` , `icon` , `title` , `ismenu` , `status` , `createtime` , `updatetime`) VALUES (NULL , 187 , 'content/del' , 'fa fa-circle-o' , '删除' , 0 , 'normal' , 1548732770 , 1548732770) [ RunTime:0.000289s ]
[ 2019-01-29T11:32:50+08:00 ][ sql ] [ SQL ] INSERT INTO `auth_rule` (`id` , `pid` , `name` , `icon` , `title` , `ismenu` , `status` , `createtime` , `updatetime`) VALUES (NULL , 187 , 'content/multi' , 'fa fa-circle-o' , '批量更新' , 0 , 'normal' , 1548732770 , 1548732770) [ RunTime:0.000268s ]
[ 2019-01-29T11:33:59+08:00 ][ sql ] [ DB ] CONNECT:[ UseTime:0.002338s ] mysql:host=127.0.0.1;dbname=car;charset=utf8
[ 2019-01-29T11:33:59+08:00 ][ sql ] [ SQL ] SHOW TABLE STATUS LIKE 'content' [ RunTime:0.000647s ]
[ 2019-01-29T11:34:34+08:00 ][ sql ] [ DB ] CONNECT:[ UseTime:0.002524s ] mysql:host=127.0.0.1;dbname=car;charset=utf8
[ 2019-01-29T11:34:34+08:00 ][ sql ] [ SQL ] SHOW TABLE STATUS LIKE 'content' [ RunTime:0.000629s ]
[ 2019-01-29T11:34:34+08:00 ][ sql ] [ SQL ] SELECT * FROM `information_schema`.`columns` WHERE TABLE_SCHEMA = 'car' AND table_name = 'content' ORDER BY ORDINAL_POSITION [ RunTime:0.001685s ]
[ 2019-01-29T11:34:34+08:00 ][ sql ] [ DB ] CONNECT:[ UseTime:0.002164s ] mysql:host=127.0.0.1;dbname=car;charset=utf8
[ 2019-01-29T11:34:34+08:00 ][ sql ] [ SQL ] SHOW COLUMNS FROM `auth_rule` [ RunTime:0.001985s ]
[ 2019-01-29T11:34:34+08:00 ][ sql ] [ SQL ] SELECT * FROM `auth_rule` WHERE  `name` = 'content' LIMIT 1 [ RunTime:0.000835s ]
[ 2019-01-29T11:34:34+08:00 ][ sql ] [ SQL ] INSERT INTO `auth_rule` (`pid` , `name` , `title` , `icon` , `remark` , `ismenu` , `status` , `createtime` , `updatetime`) VALUES (0 , 'content' , '软文列管理' , 'fa fa-circle-o' , '' , 1 , 'normal' , 1548732874 , 1548732874) [ RunTime:0.003827s ]
[ 2019-01-29T11:34:34+08:00 ][ sql ] [ SQL ] SELECT `id` FROM `auth_rule` WHERE  `name` = 'content/index' LIMIT 1 [ RunTime:0.000311s ]
[ 2019-01-29T11:34:34+08:00 ][ sql ] [ SQL ] SELECT `id` FROM `auth_rule` WHERE  `name` = 'content/add' LIMIT 1 [ RunTime:0.000252s ]
[ 2019-01-29T11:34:34+08:00 ][ sql ] [ SQL ] SELECT `id` FROM `auth_rule` WHERE  `name` = 'content/edit' LIMIT 1 [ RunTime:0.000249s ]
[ 2019-01-29T11:34:34+08:00 ][ sql ] [ SQL ] SELECT `id` FROM `auth_rule` WHERE  `name` = 'content/del' LIMIT 1 [ RunTime:0.000256s ]
[ 2019-01-29T11:34:34+08:00 ][ sql ] [ SQL ] SELECT `id` FROM `auth_rule` WHERE  `name` = 'content/multi' LIMIT 1 [ RunTime:0.000263s ]
[ 2019-01-29T11:34:34+08:00 ][ sql ] [ SQL ] INSERT INTO `auth_rule` (`id` , `pid` , `name` , `icon` , `title` , `ismenu` , `status` , `createtime` , `updatetime`) VALUES (NULL , 193 , 'content/index' , 'fa fa-circle-o' , '查看' , 0 , 'normal' , 1548732874 , 1548732874) [ RunTime:0.000330s ]
[ 2019-01-29T11:34:34+08:00 ][ sql ] [ SQL ] INSERT INTO `auth_rule` (`id` , `pid` , `name` , `icon` , `title` , `ismenu` , `status` , `createtime` , `updatetime`) VALUES (NULL , 193 , 'content/add' , 'fa fa-circle-o' , '添加' , 0 , 'normal' , 1548732874 , 1548732874) [ RunTime:0.000262s ]
[ 2019-01-29T11:34:34+08:00 ][ sql ] [ SQL ] INSERT INTO `auth_rule` (`id` , `pid` , `name` , `icon` , `title` , `ismenu` , `status` , `createtime` , `updatetime`) VALUES (NULL , 193 , 'content/edit' , 'fa fa-circle-o' , '编辑' , 0 , 'normal' , 1548732874 , 1548732874) [ RunTime:0.000292s ]
[ 2019-01-29T11:34:34+08:00 ][ sql ] [ SQL ] INSERT INTO `auth_rule` (`id` , `pid` , `name` , `icon` , `title` , `ismenu` , `status` , `createtime` , `updatetime`) VALUES (NULL , 193 , 'content/del' , 'fa fa-circle-o' , '删除' , 0 , 'normal' , 1548732874 , 1548732874) [ RunTime:0.000258s ]
[ 2019-01-29T11:34:34+08:00 ][ sql ] [ SQL ] INSERT INTO `auth_rule` (`id` , `pid` , `name` , `icon` , `title` , `ismenu` , `status` , `createtime` , `updatetime`) VALUES (NULL , 193 , 'content/multi' , 'fa fa-circle-o' , '批量更新' , 0 , 'normal' , 1548732874 , 1548732874) [ RunTime:0.000266s ]
[ 2019-01-29T11:44:18+08:00 ][ sql ] [ DB ] CONNECT:[ UseTime:0.002237s ] mysql:host=127.0.0.1;dbname=car;charset=utf8
[ 2019-01-29T11:44:18+08:00 ][ sql ] [ SQL ] SHOW TABLE STATUS LIKE 'content' [ RunTime:0.000629s ]
[ 2019-01-29T11:44:37+08:00 ][ sql ] [ DB ] CONNECT:[ UseTime:0.002156s ] mysql:host=127.0.0.1;dbname=car;charset=utf8
[ 2019-01-29T11:44:37+08:00 ][ sql ] [ SQL ] SHOW TABLE STATUS LIKE 'content' [ RunTime:0.000630s ]
[ 2019-01-29T11:44:37+08:00 ][ sql ] [ SQL ] SELECT * FROM `information_schema`.`columns` WHERE TABLE_SCHEMA = 'car' AND table_name = 'content' ORDER BY ORDINAL_POSITION [ RunTime:0.001556s ]
[ 2019-01-29T11:44:37+08:00 ][ sql ] [ DB ] CONNECT:[ UseTime:0.002199s ] mysql:host=127.0.0.1;dbname=car;charset=utf8
[ 2019-01-29T11:44:37+08:00 ][ sql ] [ SQL ] SHOW COLUMNS FROM `auth_rule` [ RunTime:0.001772s ]
[ 2019-01-29T11:44:37+08:00 ][ sql ] [ SQL ] SELECT * FROM `auth_rule` WHERE  `name` = 'content' LIMIT 1 [ RunTime:0.000713s ]
[ 2019-01-29T11:44:37+08:00 ][ sql ] [ SQL ] INSERT INTO `auth_rule` (`pid` , `name` , `title` , `icon` , `remark` , `ismenu` , `status` , `createtime` , `updatetime`) VALUES (0 , 'content' , '软文列管理' , 'fa fa-circle-o' , '' , 1 , 'normal' , 1548733477 , 1548733477) [ RunTime:0.004288s ]
[ 2019-01-29T11:44:37+08:00 ][ sql ] [ SQL ] SELECT `id` FROM `auth_rule` WHERE  `name` = 'content/index' LIMIT 1 [ RunTime:0.000287s ]
[ 2019-01-29T11:44:37+08:00 ][ sql ] [ SQL ] SELECT `id` FROM `auth_rule` WHERE  `name` = 'content/add' LIMIT 1 [ RunTime:0.000241s ]
[ 2019-01-29T11:44:37+08:00 ][ sql ] [ SQL ] SELECT `id` FROM `auth_rule` WHERE  `name` = 'content/edit' LIMIT 1 [ RunTime:0.000238s ]
[ 2019-01-29T11:44:37+08:00 ][ sql ] [ SQL ] SELECT `id` FROM `auth_rule` WHERE  `name` = 'content/del' LIMIT 1 [ RunTime:0.000248s ]
[ 2019-01-29T11:44:37+08:00 ][ sql ] [ SQL ] SELECT `id` FROM `auth_rule` WHERE  `name` = 'content/multi' LIMIT 1 [ RunTime:0.000232s ]
[ 2019-01-29T11:44:37+08:00 ][ sql ] [ SQL ] INSERT INTO `auth_rule` (`id` , `pid` , `name` , `icon` , `title` , `ismenu` , `status` , `createtime` , `updatetime`) VALUES (NULL , 199 , 'content/index' , 'fa fa-circle-o' , '查看' , 0 , 'normal' , 1548733477 , 1548733477) [ RunTime:0.000289s ]
[ 2019-01-29T11:44:37+08:00 ][ sql ] [ SQL ] INSERT INTO `auth_rule` (`id` , `pid` , `name` , `icon` , `title` , `ismenu` , `status` , `createtime` , `updatetime`) VALUES (NULL , 199 , 'content/add' , 'fa fa-circle-o' , '添加' , 0 , 'normal' , 1548733477 , 1548733477) [ RunTime:0.000246s ]
[ 2019-01-29T11:44:37+08:00 ][ sql ] [ SQL ] INSERT INTO `auth_rule` (`id` , `pid` , `name` , `icon` , `title` , `ismenu` , `status` , `createtime` , `updatetime`) VALUES (NULL , 199 , 'content/edit' , 'fa fa-circle-o' , '编辑' , 0 , 'normal' , 1548733477 , 1548733477) [ RunTime:0.000256s ]
[ 2019-01-29T11:44:37+08:00 ][ sql ] [ SQL ] INSERT INTO `auth_rule` (`id` , `pid` , `name` , `icon` , `title` , `ismenu` , `status` , `createtime` , `updatetime`) VALUES (NULL , 199 , 'content/del' , 'fa fa-circle-o' , '删除' , 0 , 'normal' , 1548733477 , 1548733477) [ RunTime:0.000259s ]
[ 2019-01-29T11:44:37+08:00 ][ sql ] [ SQL ] INSERT INTO `auth_rule` (`id` , `pid` , `name` , `icon` , `title` , `ismenu` , `status` , `createtime` , `updatetime`) VALUES (NULL , 199 , 'content/multi' , 'fa fa-circle-o' , '批量更新' , 0 , 'normal' , 1548733477 , 1548733477) [ RunTime:0.000265s ]
