[ 2019-04-05T14:18:39+08:00 ][ sql ] [ DB ] CONNECT:[ UseTime:0.002341s ] mysql:host=127.0.0.1;dbname=car;charset=utf8
[ 2019-04-05T14:18:39+08:00 ][ sql ] [ SQL ] SHOW TABLE STATUS LIKE 'car' [ RunTime:0.000683s ]
[ 2019-04-05T14:19:14+08:00 ][ sql ] [ DB ] CONNECT:[ UseTime:0.002216s ] mysql:host=127.0.0.1;dbname=car;charset=utf8
[ 2019-04-05T14:19:14+08:00 ][ sql ] [ SQL ] SHOW TABLE STATUS LIKE 'car' [ RunTime:0.000679s ]
[ 2019-04-05T14:19:14+08:00 ][ sql ] [ SQL ] SELECT * FROM `information_schema`.`columns` WHERE TABLE_SCHEMA = 'car' AND table_name = 'car' ORDER BY ORDINAL_POSITION [ RunTime:0.001277s ]
[ 2019-04-05T14:19:14+08:00 ][ sql ] [ DB ] CONNECT:[ UseTime:0.002832s ] mysql:host=127.0.0.1;dbname=car;charset=utf8
[ 2019-04-05T14:19:14+08:00 ][ sql ] [ SQL ] SHOW COLUMNS FROM `auth_rule` [ RunTime:0.001360s ]
[ 2019-04-05T14:19:14+08:00 ][ sql ] [ SQL ] SELECT * FROM `auth_rule` WHERE  `name` = 'car' LIMIT 1 [ RunTime:0.000592s ]
[ 2019-04-05T14:19:14+08:00 ][ sql ] [ SQL ] SELECT `id` FROM `auth_rule` WHERE  `name` = 'car/index' LIMIT 1 [ RunTime:0.000392s ]
[ 2019-04-05T14:19:14+08:00 ][ sql ] [ SQL ] SELECT `id` FROM `auth_rule` WHERE  `name` = 'car/add' LIMIT 1 [ RunTime:0.000331s ]
[ 2019-04-05T14:19:14+08:00 ][ sql ] [ SQL ] SELECT `id` FROM `auth_rule` WHERE  `name` = 'car/edit' LIMIT 1 [ RunTime:0.000331s ]
[ 2019-04-05T14:19:14+08:00 ][ sql ] [ SQL ] SELECT `id` FROM `auth_rule` WHERE  `name` = 'car/del' LIMIT 1 [ RunTime:0.000318s ]
[ 2019-04-05T14:19:14+08:00 ][ sql ] [ SQL ] SELECT `id` FROM `auth_rule` WHERE  `name` = 'car/multi' LIMIT 1 [ RunTime:0.000324s ]
[ 2019-04-05T14:19:14+08:00 ][ sql ] [ SQL ] UPDATE `auth_rule`  SET `pid`=320,`name`='car/index',`icon`='fa fa-circle-o',`title`='查看',`ismenu`=0,`status`='normal',`updatetime`=1554445154  WHERE  `id` = 321 [ RunTime:0.000408s ]
[ 2019-04-05T14:19:14+08:00 ][ sql ] [ SQL ] UPDATE `auth_rule`  SET `pid`=320,`name`='car/add',`icon`='fa fa-circle-o',`title`='添加',`ismenu`=0,`status`='normal',`updatetime`=1554445154  WHERE  `id` = 322 [ RunTime:0.000351s ]
[ 2019-04-05T14:19:14+08:00 ][ sql ] [ SQL ] UPDATE `auth_rule`  SET `pid`=320,`name`='car/edit',`icon`='fa fa-circle-o',`title`='编辑',`ismenu`=0,`status`='normal',`updatetime`=1554445154  WHERE  `id` = 323 [ RunTime:0.000354s ]
[ 2019-04-05T14:19:14+08:00 ][ sql ] [ SQL ] UPDATE `auth_rule`  SET `pid`=320,`name`='car/del',`icon`='fa fa-circle-o',`title`='删除',`ismenu`=0,`status`='normal',`updatetime`=1554445154  WHERE  `id` = 324 [ RunTime:0.000354s ]
[ 2019-04-05T14:19:14+08:00 ][ sql ] [ SQL ] UPDATE `auth_rule`  SET `pid`=320,`name`='car/multi',`icon`='fa fa-circle-o',`title`='批量更新',`ismenu`=0,`status`='normal',`updatetime`=1554445154  WHERE  `id` = 325 [ RunTime:0.000331s ]
[ 2019-04-05T15:08:30+08:00 ][ sql ] [ DB ] CONNECT:[ UseTime:0.002235s ] mysql:host=127.0.0.1;dbname=car;charset=utf8
[ 2019-04-05T15:08:30+08:00 ][ sql ] [ SQL ] SHOW TABLE STATUS LIKE 'car' [ RunTime:0.000654s ]
[ 2019-04-05T15:08:34+08:00 ][ sql ] [ DB ] CONNECT:[ UseTime:0.002329s ] mysql:host=127.0.0.1;dbname=car;charset=utf8
[ 2019-04-05T15:08:34+08:00 ][ sql ] [ SQL ] SHOW TABLE STATUS LIKE 'car' [ RunTime:0.000715s ]
[ 2019-04-05T15:08:34+08:00 ][ sql ] [ SQL ] SELECT * FROM `information_schema`.`columns` WHERE TABLE_SCHEMA = 'car' AND table_name = 'car' ORDER BY ORDINAL_POSITION [ RunTime:0.001286s ]
[ 2019-04-05T15:08:34+08:00 ][ sql ] [ DB ] CONNECT:[ UseTime:0.002357s ] mysql:host=127.0.0.1;dbname=car;charset=utf8
[ 2019-04-05T15:08:34+08:00 ][ sql ] [ SQL ] SHOW COLUMNS FROM `auth_rule` [ RunTime:0.001137s ]
[ 2019-04-05T15:08:34+08:00 ][ sql ] [ SQL ] SELECT * FROM `auth_rule` WHERE  `name` = 'car' LIMIT 1 [ RunTime:0.000480s ]
[ 2019-04-05T15:08:34+08:00 ][ sql ] [ SQL ] SELECT `id` FROM `auth_rule` WHERE  `name` = 'car/index' LIMIT 1 [ RunTime:0.000293s ]
[ 2019-04-05T15:08:34+08:00 ][ sql ] [ SQL ] SELECT `id` FROM `auth_rule` WHERE  `name` = 'car/add' LIMIT 1 [ RunTime:0.000262s ]
[ 2019-04-05T15:08:34+08:00 ][ sql ] [ SQL ] SELECT `id` FROM `auth_rule` WHERE  `name` = 'car/edit' LIMIT 1 [ RunTime:0.000266s ]
[ 2019-04-05T15:08:34+08:00 ][ sql ] [ SQL ] SELECT `id` FROM `auth_rule` WHERE  `name` = 'car/del' LIMIT 1 [ RunTime:0.000276s ]
[ 2019-04-05T15:08:34+08:00 ][ sql ] [ SQL ] SELECT `id` FROM `auth_rule` WHERE  `name` = 'car/multi' LIMIT 1 [ RunTime:0.000276s ]
[ 2019-04-05T15:08:34+08:00 ][ sql ] [ SQL ] UPDATE `auth_rule`  SET `pid`=320,`name`='car/index',`icon`='fa fa-circle-o',`title`='查看',`ismenu`=0,`status`='normal',`updatetime`=1554448114  WHERE  `id` = 321 [ RunTime:0.000346s ]
[ 2019-04-05T15:08:34+08:00 ][ sql ] [ SQL ] UPDATE `auth_rule`  SET `pid`=320,`name`='car/add',`icon`='fa fa-circle-o',`title`='添加',`ismenu`=0,`status`='normal',`updatetime`=1554448114  WHERE  `id` = 322 [ RunTime:0.000300s ]
[ 2019-04-05T15:08:34+08:00 ][ sql ] [ SQL ] UPDATE `auth_rule`  SET `pid`=320,`name`='car/edit',`icon`='fa fa-circle-o',`title`='编辑',`ismenu`=0,`status`='normal',`updatetime`=1554448114  WHERE  `id` = 323 [ RunTime:0.000304s ]
[ 2019-04-05T15:08:34+08:00 ][ sql ] [ SQL ] UPDATE `auth_rule`  SET `pid`=320,`name`='car/del',`icon`='fa fa-circle-o',`title`='删除',`ismenu`=0,`status`='normal',`updatetime`=1554448114  WHERE  `id` = 324 [ RunTime:0.000294s ]
[ 2019-04-05T15:08:34+08:00 ][ sql ] [ SQL ] UPDATE `auth_rule`  SET `pid`=320,`name`='car/multi',`icon`='fa fa-circle-o',`title`='批量更新',`ismenu`=0,`status`='normal',`updatetime`=1554448114  WHERE  `id` = 325 [ RunTime:0.000286s ]
