---------------------------------------------------------------
[ 2019-02-21T08:37:36+08:00 ] 1.196.188.192 GET www.gxfwz36524.com/car/public/admin.php/index/index
[ sql ] [ DB ] CONNECT:[ UseTime:0.000651s ] mysql:host=127.0.0.1;dbname=car;charset=utf8
[ sql ] [ SQL ] SHOW COLUMNS FROM `auth_group_access` [ RunTime:0.001373s ]
[ sql ] [ SQL ] SELECT `aga`.`uid`,`aga`.`group_id`,`ag`.`id`,`ag`.`pid`,`ag`.`name`,`ag`.`rules` FROM `auth_group_access` `aga` LEFT JOIN `auth_group` `ag` ON `aga`.`group_id`=`ag`.`id` WHERE  (  aga.uid='1' and ag.status='normal' ) [ RunTime:0.000465s ]
[ sql ] [ SQL ] SHOW COLUMNS FROM `auth_rule` [ RunTime:0.001204s ]
[ sql ] [ SQL ] SELECT `id`,`pid`,`condition`,`icon`,`name`,`title`,`ismenu` FROM `auth_rule` WHERE  `status` = 'normal' [ RunTime:0.000643s ]
---------------------------------------------------------------
[ 2019-02-21T08:37:52+08:00 ] 1.196.188.192 GET www.gxfwz36524.com/car/public/admin.php/auth/admin?addtabs=1
[ sql ] [ DB ] CONNECT:[ UseTime:0.000605s ] mysql:host=127.0.0.1;dbname=car;charset=utf8
[ sql ] [ SQL ] SHOW COLUMNS FROM `auth_group_access` [ RunTime:0.001326s ]
[ sql ] [ SQL ] SELECT `aga`.`uid`,`aga`.`group_id`,`ag`.`id`,`ag`.`pid`,`ag`.`name`,`ag`.`rules` FROM `auth_group_access` `aga` LEFT JOIN `auth_group` `ag` ON `aga`.`group_id`=`ag`.`id` WHERE  (  aga.uid='1' and ag.status='normal' ) [ RunTime:0.000454s ]
[ sql ] [ SQL ] SHOW COLUMNS FROM `auth_rule` [ RunTime:0.001210s ]
[ sql ] [ SQL ] SELECT `id`,`pid`,`condition`,`icon`,`name`,`title`,`ismenu` FROM `auth_rule` WHERE  `status` = 'normal' [ RunTime:0.000592s ]
[ sql ] [ SQL ] SHOW COLUMNS FROM `admin` [ RunTime:0.001315s ]
[ sql ] [ SQL ] SELECT `id` FROM `admin` [ RunTime:0.000255s ]
[ sql ] [ SQL ] SHOW COLUMNS FROM `auth_group` [ RunTime:0.001146s ]
[ sql ] [ SQL ] SELECT * FROM `auth_group` WHERE  `status` = 'normal' [ RunTime:0.000330s ]
[ sql ] [ SQL ] SELECT * FROM `auth_group` WHERE  `id` IN (1,2,3,4,5) [ RunTime:0.000368s ]
[ sql ] [ SQL ] SELECT `title`,`remark` FROM `auth_rule` WHERE  `name` = 'auth/admin' LIMIT 1 [ RunTime:0.000289s ]
---------------------------------------------------------------
[ 2019-02-21T08:37:55+08:00 ] 1.196.188.192 GET www.gxfwz36524.com/car/public/admin.php/auth/admin/index?sort=id&order=desc&offset=0&limit=10&filter=%7B%7D&op=%7B%7D&_=1550709469718
[ sql ] [ DB ] CONNECT:[ UseTime:0.000690s ] mysql:host=127.0.0.1;dbname=car;charset=utf8
[ sql ] [ SQL ] SHOW COLUMNS FROM `auth_group_access` [ RunTime:0.001436s ]
[ sql ] [ SQL ] SELECT `aga`.`uid`,`aga`.`group_id`,`ag`.`id`,`ag`.`pid`,`ag`.`name`,`ag`.`rules` FROM `auth_group_access` `aga` LEFT JOIN `auth_group` `ag` ON `aga`.`group_id`=`ag`.`id` WHERE  (  aga.uid='1' and ag.status='normal' ) [ RunTime:0.000480s ]
[ sql ] [ SQL ] SHOW COLUMNS FROM `auth_rule` [ RunTime:0.001270s ]
[ sql ] [ SQL ] SELECT `id`,`pid`,`condition`,`icon`,`name`,`title`,`ismenu` FROM `auth_rule` WHERE  `status` = 'normal' [ RunTime:0.000576s ]
[ sql ] [ SQL ] SHOW COLUMNS FROM `admin` [ RunTime:0.001341s ]
[ sql ] [ SQL ] SELECT `id` FROM `admin` [ RunTime:0.000286s ]
[ sql ] [ SQL ] SHOW COLUMNS FROM `auth_group` [ RunTime:0.001280s ]
[ sql ] [ SQL ] SELECT * FROM `auth_group` WHERE  `status` = 'normal' [ RunTime:0.000381s ]
[ sql ] [ SQL ] SELECT * FROM `auth_group` WHERE  `id` IN (1,2,3,4,5) [ RunTime:0.000361s ]
[ sql ] [ SQL ] SELECT `id`,`name` FROM `auth_group` WHERE  `id` IN (1,2,3,4,5) [ RunTime:0.000334s ]
[ sql ] [ SQL ] SELECT `uid`,`group_id` FROM `auth_group_access` WHERE  `group_id` IN (1,2,3,4,5) [ RunTime:0.000299s ]
[ sql ] [ SQL ] SELECT COUNT(*) AS tp_count FROM `admin` WHERE  `id` IN (1) ORDER BY `id` DESC LIMIT 1 [ RunTime:0.000314s ]
[ sql ] [ SQL ] SELECT `id`,`username`,`nickname`,`avatar`,`email`,`loginfailure`,`logintime`,`createtime`,`updatetime`,`status` FROM `admin` WHERE  `id` IN (1) ORDER BY `id` DESC LIMIT 0,10 [ RunTime:0.000325s ]
