[ 2019-03-28T12:47:21+08:00 ][ sql ] [ DB ] CONNECT:[ UseTime:0.002311s ] mysql:host=127.0.0.1;dbname=car;charset=utf8
[ 2019-03-28T12:47:21+08:00 ][ sql ] [ SQL ] SHOW TABLE STATUS LIKE 'test' [ RunTime:0.001180s ]
[ 2019-03-28T12:48:01+08:00 ][ sql ] [ DB ] CONNECT:[ UseTime:0.002229s ] mysql:host=127.0.0.1;dbname=car;charset=utf8
[ 2019-03-28T12:48:01+08:00 ][ sql ] [ SQL ] SHOW TABLE STATUS LIKE 'car' [ RunTime:0.000687s ]
[ 2019-03-28T12:48:11+08:00 ][ sql ] [ DB ] CONNECT:[ UseTime:0.002180s ] mysql:host=127.0.0.1;dbname=car;charset=utf8
[ 2019-03-28T12:48:11+08:00 ][ sql ] [ SQL ] SHOW TABLE STATUS LIKE 'car' [ RunTime:0.000646s ]
[ 2019-03-28T12:48:11+08:00 ][ sql ] [ SQL ] SELECT * FROM `information_schema`.`columns` WHERE TABLE_SCHEMA = 'car' AND table_name = 'car' ORDER BY ORDINAL_POSITION [ RunTime:0.001501s ]
[ 2019-03-28T12:48:11+08:00 ][ sql ] [ DB ] CONNECT:[ UseTime:0.002189s ] mysql:host=127.0.0.1;dbname=car;charset=utf8
[ 2019-03-28T12:48:11+08:00 ][ sql ] [ SQL ] SHOW COLUMNS FROM `auth_rule` [ RunTime:0.001729s ]
[ 2019-03-28T12:48:11+08:00 ][ sql ] [ SQL ] SELECT * FROM `auth_rule` WHERE  `name` = 'car' LIMIT 1 [ RunTime:0.000560s ]
[ 2019-03-28T12:48:11+08:00 ][ sql ] [ SQL ] SELECT `id` FROM `auth_rule` WHERE  `name` = 'car/index' LIMIT 1 [ RunTime:0.000867s ]
[ 2019-03-28T12:48:11+08:00 ][ sql ] [ SQL ] SELECT `id` FROM `auth_rule` WHERE  `name` = 'car/add' LIMIT 1 [ RunTime:0.000281s ]
[ 2019-03-28T12:48:11+08:00 ][ sql ] [ SQL ] SELECT `id` FROM `auth_rule` WHERE  `name` = 'car/edit' LIMIT 1 [ RunTime:0.000517s ]
[ 2019-03-28T12:48:11+08:00 ][ sql ] [ SQL ] SELECT `id` FROM `auth_rule` WHERE  `name` = 'car/del' LIMIT 1 [ RunTime:0.000304s ]
[ 2019-03-28T12:48:11+08:00 ][ sql ] [ SQL ] SELECT `id` FROM `auth_rule` WHERE  `name` = 'car/multi' LIMIT 1 [ RunTime:0.000458s ]
[ 2019-03-28T12:48:11+08:00 ][ sql ] [ SQL ] UPDATE `auth_rule`  SET `pid`=248,`name`='car/index',`icon`='fa fa-circle-o',`title`='查看',`ismenu`=0,`status`='normal',`updatetime`=1553748491  WHERE  `id` = 249 [ RunTime:0.000325s ]
[ 2019-03-28T12:48:11+08:00 ][ sql ] [ SQL ] UPDATE `auth_rule`  SET `pid`=248,`name`='car/add',`icon`='fa fa-circle-o',`title`='添加',`ismenu`=0,`status`='normal',`updatetime`=1553748491  WHERE  `id` = 250 [ RunTime:0.000330s ]
[ 2019-03-28T12:48:11+08:00 ][ sql ] [ SQL ] UPDATE `auth_rule`  SET `pid`=248,`name`='car/edit',`icon`='fa fa-circle-o',`title`='编辑',`ismenu`=0,`status`='normal',`updatetime`=1553748491  WHERE  `id` = 251 [ RunTime:0.000279s ]
[ 2019-03-28T12:48:11+08:00 ][ sql ] [ SQL ] UPDATE `auth_rule`  SET `pid`=248,`name`='car/del',`icon`='fa fa-circle-o',`title`='删除',`ismenu`=0,`status`='normal',`updatetime`=1553748491  WHERE  `id` = 252 [ RunTime:0.000286s ]
[ 2019-03-28T12:48:11+08:00 ][ sql ] [ SQL ] UPDATE `auth_rule`  SET `pid`=248,`name`='car/multi',`icon`='fa fa-circle-o',`title`='批量更新',`ismenu`=0,`status`='normal',`updatetime`=1553748491  WHERE  `id` = 253 [ RunTime:0.000294s ]
[ 2019-03-28T12:49:07+08:00 ][ sql ] [ DB ] CONNECT:[ UseTime:0.002348s ] mysql:host=127.0.0.1;dbname=car;charset=utf8
[ 2019-03-28T12:49:07+08:00 ][ sql ] [ SQL ] SHOW COLUMNS FROM `auth_rule` [ RunTime:0.001693s ]
[ 2019-03-28T12:49:07+08:00 ][ sql ] [ SQL ] SELECT * FROM `auth_rule` WHERE  `name` = 'car' LIMIT 1 [ RunTime:0.000448s ]
[ 2019-03-28T12:49:07+08:00 ][ sql ] [ SQL ] INSERT INTO `auth_rule` (`pid` , `name` , `title` , `icon` , `remark` , `ismenu` , `status` , `createtime` , `updatetime`) VALUES (0 , 'car' , '速享车信息' , 'fa fa-car' , '' , 1 , 'normal' , 1553748547 , 1553748547) [ RunTime:0.007278s ]
[ 2019-03-28T12:49:07+08:00 ][ sql ] [ SQL ] SELECT `id` FROM `auth_rule` WHERE  `name` = 'car/index' LIMIT 1 [ RunTime:0.000484s ]
[ 2019-03-28T12:49:07+08:00 ][ sql ] [ SQL ] SELECT `id` FROM `auth_rule` WHERE  `name` = 'car/add' LIMIT 1 [ RunTime:0.000355s ]
[ 2019-03-28T12:49:07+08:00 ][ sql ] [ SQL ] SELECT `id` FROM `auth_rule` WHERE  `name` = 'car/edit' LIMIT 1 [ RunTime:0.000266s ]
[ 2019-03-28T12:49:07+08:00 ][ sql ] [ SQL ] SELECT `id` FROM `auth_rule` WHERE  `name` = 'car/del' LIMIT 1 [ RunTime:0.000782s ]
[ 2019-03-28T12:49:07+08:00 ][ sql ] [ SQL ] SELECT `id` FROM `auth_rule` WHERE  `name` = 'car/multi' LIMIT 1 [ RunTime:0.000281s ]
[ 2019-03-28T12:49:07+08:00 ][ sql ] [ SQL ] INSERT INTO `auth_rule` (`id` , `pid` , `name` , `icon` , `title` , `ismenu` , `status` , `createtime` , `updatetime`) VALUES (NULL , 266 , 'car/index' , 'fa fa-circle-o' , '查看' , 0 , 'normal' , 1553748547 , 1553748547) [ RunTime:0.000367s ]
[ 2019-03-28T12:49:07+08:00 ][ sql ] [ SQL ] INSERT INTO `auth_rule` (`id` , `pid` , `name` , `icon` , `title` , `ismenu` , `status` , `createtime` , `updatetime`) VALUES (NULL , 266 , 'car/add' , 'fa fa-circle-o' , '添加' , 0 , 'normal' , 1553748547 , 1553748547) [ RunTime:0.000315s ]
[ 2019-03-28T12:49:07+08:00 ][ sql ] [ SQL ] INSERT INTO `auth_rule` (`id` , `pid` , `name` , `icon` , `title` , `ismenu` , `status` , `createtime` , `updatetime`) VALUES (NULL , 266 , 'car/edit' , 'fa fa-circle-o' , '编辑' , 0 , 'normal' , 1553748547 , 1553748547) [ RunTime:0.000267s ]
[ 2019-03-28T12:49:07+08:00 ][ sql ] [ SQL ] INSERT INTO `auth_rule` (`id` , `pid` , `name` , `icon` , `title` , `ismenu` , `status` , `createtime` , `updatetime`) VALUES (NULL , 266 , 'car/del' , 'fa fa-circle-o' , '删除' , 0 , 'normal' , 1553748547 , 1553748547) [ RunTime:0.000271s ]
[ 2019-03-28T12:49:07+08:00 ][ sql ] [ SQL ] INSERT INTO `auth_rule` (`id` , `pid` , `name` , `icon` , `title` , `ismenu` , `status` , `createtime` , `updatetime`) VALUES (NULL , 266 , 'car/multi' , 'fa fa-circle-o' , '批量更新' , 0 , 'normal' , 1553748547 , 1553748547) [ RunTime:0.000254s ]
[ 2019-03-28T12:50:01+08:00 ][ sql ] [ DB ] CONNECT:[ UseTime:0.002309s ] mysql:host=127.0.0.1;dbname=car;charset=utf8
[ 2019-03-28T12:50:01+08:00 ][ sql ] [ SQL ] SHOW TABLE STATUS LIKE 'car' [ RunTime:0.000712s ]
[ 2019-03-28T12:51:05+08:00 ][ sql ] [ DB ] CONNECT:[ UseTime:0.002270s ] mysql:host=127.0.0.1;dbname=car;charset=utf8
[ 2019-03-28T12:51:05+08:00 ][ sql ] [ SQL ] SHOW TABLE STATUS LIKE 'car' [ RunTime:0.000699s ]
[ 2019-03-28T12:51:05+08:00 ][ sql ] [ SQL ] SELECT * FROM `information_schema`.`columns` WHERE TABLE_SCHEMA = 'car' AND table_name = 'car' ORDER BY ORDINAL_POSITION [ RunTime:0.001305s ]
[ 2019-03-28T12:51:05+08:00 ][ sql ] [ DB ] CONNECT:[ UseTime:0.002241s ] mysql:host=127.0.0.1;dbname=car;charset=utf8
[ 2019-03-28T12:51:05+08:00 ][ sql ] [ SQL ] SHOW COLUMNS FROM `auth_rule` [ RunTime:0.001361s ]
[ 2019-03-28T12:51:05+08:00 ][ sql ] [ SQL ] SELECT * FROM `auth_rule` WHERE  `name` = 'car' LIMIT 1 [ RunTime:0.000449s ]
[ 2019-03-28T12:51:05+08:00 ][ sql ] [ SQL ] INSERT INTO `auth_rule` (`pid` , `name` , `title` , `icon` , `remark` , `ismenu` , `status` , `createtime` , `updatetime`) VALUES (0 , 'car' , '速享车信息' , 'fa fa-car' , '' , 1 , 'normal' , 1553748665 , 1553748665) [ RunTime:0.004210s ]
[ 2019-03-28T12:51:05+08:00 ][ sql ] [ SQL ] SELECT `id` FROM `auth_rule` WHERE  `name` = 'car/index' LIMIT 1 [ RunTime:0.000435s ]
[ 2019-03-28T12:51:05+08:00 ][ sql ] [ SQL ] SELECT `id` FROM `auth_rule` WHERE  `name` = 'car/add' LIMIT 1 [ RunTime:0.000331s ]
[ 2019-03-28T12:51:05+08:00 ][ sql ] [ SQL ] SELECT `id` FROM `auth_rule` WHERE  `name` = 'car/edit' LIMIT 1 [ RunTime:0.000252s ]
[ 2019-03-28T12:51:05+08:00 ][ sql ] [ SQL ] SELECT `id` FROM `auth_rule` WHERE  `name` = 'car/del' LIMIT 1 [ RunTime:0.000279s ]
[ 2019-03-28T12:51:05+08:00 ][ sql ] [ SQL ] SELECT `id` FROM `auth_rule` WHERE  `name` = 'car/multi' LIMIT 1 [ RunTime:0.000240s ]
[ 2019-03-28T12:51:05+08:00 ][ sql ] [ SQL ] INSERT INTO `auth_rule` (`id` , `pid` , `name` , `icon` , `title` , `ismenu` , `status` , `createtime` , `updatetime`) VALUES (NULL , 272 , 'car/index' , 'fa fa-circle-o' , '查看' , 0 , 'normal' , 1553748665 , 1553748665) [ RunTime:0.000321s ]
[ 2019-03-28T12:51:05+08:00 ][ sql ] [ SQL ] INSERT INTO `auth_rule` (`id` , `pid` , `name` , `icon` , `title` , `ismenu` , `status` , `createtime` , `updatetime`) VALUES (NULL , 272 , 'car/add' , 'fa fa-circle-o' , '添加' , 0 , 'normal' , 1553748665 , 1553748665) [ RunTime:0.000278s ]
[ 2019-03-28T12:51:05+08:00 ][ sql ] [ SQL ] INSERT INTO `auth_rule` (`id` , `pid` , `name` , `icon` , `title` , `ismenu` , `status` , `createtime` , `updatetime`) VALUES (NULL , 272 , 'car/edit' , 'fa fa-circle-o' , '编辑' , 0 , 'normal' , 1553748665 , 1553748665) [ RunTime:0.000280s ]
[ 2019-03-28T12:51:05+08:00 ][ sql ] [ SQL ] INSERT INTO `auth_rule` (`id` , `pid` , `name` , `icon` , `title` , `ismenu` , `status` , `createtime` , `updatetime`) VALUES (NULL , 272 , 'car/del' , 'fa fa-circle-o' , '删除' , 0 , 'normal' , 1553748665 , 1553748665) [ RunTime:0.000250s ]
[ 2019-03-28T12:51:05+08:00 ][ sql ] [ SQL ] INSERT INTO `auth_rule` (`id` , `pid` , `name` , `icon` , `title` , `ismenu` , `status` , `createtime` , `updatetime`) VALUES (NULL , 272 , 'car/multi' , 'fa fa-circle-o' , '批量更新' , 0 , 'normal' , 1553748665 , 1553748665) [ RunTime:0.000269s ]
[ 2019-03-28T12:52:49+08:00 ][ sql ] [ DB ] CONNECT:[ UseTime:0.002453s ] mysql:host=127.0.0.1;dbname=car;charset=utf8
[ 2019-03-28T12:52:49+08:00 ][ sql ] [ SQL ] SHOW TABLE STATUS LIKE 'car' [ RunTime:0.000660s ]
[ 2019-03-28T12:52:53+08:00 ][ sql ] [ DB ] CONNECT:[ UseTime:0.002215s ] mysql:host=127.0.0.1;dbname=car;charset=utf8
[ 2019-03-28T12:52:53+08:00 ][ sql ] [ SQL ] SHOW TABLE STATUS LIKE 'car' [ RunTime:0.000865s ]
[ 2019-03-28T12:52:53+08:00 ][ sql ] [ SQL ] SELECT * FROM `information_schema`.`columns` WHERE TABLE_SCHEMA = 'car' AND table_name = 'car' ORDER BY ORDINAL_POSITION [ RunTime:0.001262s ]
[ 2019-03-28T12:52:53+08:00 ][ sql ] [ DB ] CONNECT:[ UseTime:0.002202s ] mysql:host=127.0.0.1;dbname=car;charset=utf8
[ 2019-03-28T12:52:53+08:00 ][ sql ] [ SQL ] SHOW COLUMNS FROM `auth_rule` [ RunTime:0.001110s ]
[ 2019-03-28T12:52:53+08:00 ][ sql ] [ SQL ] SELECT * FROM `auth_rule` WHERE  `name` = 'car' LIMIT 1 [ RunTime:0.000467s ]
[ 2019-03-28T12:52:53+08:00 ][ sql ] [ SQL ] SELECT `id` FROM `auth_rule` WHERE  `name` = 'car/index' LIMIT 1 [ RunTime:0.000337s ]
[ 2019-03-28T12:52:53+08:00 ][ sql ] [ SQL ] SELECT `id` FROM `auth_rule` WHERE  `name` = 'car/add' LIMIT 1 [ RunTime:0.000266s ]
[ 2019-03-28T12:52:53+08:00 ][ sql ] [ SQL ] SELECT `id` FROM `auth_rule` WHERE  `name` = 'car/edit' LIMIT 1 [ RunTime:0.000302s ]
[ 2019-03-28T12:52:53+08:00 ][ sql ] [ SQL ] SELECT `id` FROM `auth_rule` WHERE  `name` = 'car/del' LIMIT 1 [ RunTime:0.000298s ]
[ 2019-03-28T12:52:53+08:00 ][ sql ] [ SQL ] SELECT `id` FROM `auth_rule` WHERE  `name` = 'car/multi' LIMIT 1 [ RunTime:0.000313s ]
[ 2019-03-28T12:52:53+08:00 ][ sql ] [ SQL ] UPDATE `auth_rule`  SET `pid`=272,`name`='car/index',`icon`='fa fa-circle-o',`title`='查看',`ismenu`=0,`status`='normal',`updatetime`=1553748773  WHERE  `id` = 273 [ RunTime:0.000356s ]
[ 2019-03-28T12:52:53+08:00 ][ sql ] [ SQL ] UPDATE `auth_rule`  SET `pid`=272,`name`='car/add',`icon`='fa fa-circle-o',`title`='添加',`ismenu`=0,`status`='normal',`updatetime`=1553748773  WHERE  `id` = 274 [ RunTime:0.000285s ]
[ 2019-03-28T12:52:53+08:00 ][ sql ] [ SQL ] UPDATE `auth_rule`  SET `pid`=272,`name`='car/edit',`icon`='fa fa-circle-o',`title`='编辑',`ismenu`=0,`status`='normal',`updatetime`=1553748773  WHERE  `id` = 275 [ RunTime:0.000279s ]
[ 2019-03-28T12:52:53+08:00 ][ sql ] [ SQL ] UPDATE `auth_rule`  SET `pid`=272,`name`='car/del',`icon`='fa fa-circle-o',`title`='删除',`ismenu`=0,`status`='normal',`updatetime`=1553748773  WHERE  `id` = 276 [ RunTime:0.000276s ]
[ 2019-03-28T12:52:53+08:00 ][ sql ] [ SQL ] UPDATE `auth_rule`  SET `pid`=272,`name`='car/multi',`icon`='fa fa-circle-o',`title`='批量更新',`ismenu`=0,`status`='normal',`updatetime`=1553748773  WHERE  `id` = 277 [ RunTime:0.000274s ]
[ 2019-03-28T12:53:34+08:00 ][ sql ] [ DB ] CONNECT:[ UseTime:0.002226s ] mysql:host=127.0.0.1;dbname=car;charset=utf8
[ 2019-03-28T12:53:34+08:00 ][ sql ] [ SQL ] SHOW COLUMNS FROM `auth_rule` [ RunTime:0.001786s ]
[ 2019-03-28T12:53:34+08:00 ][ sql ] [ SQL ] SELECT * FROM `auth_rule` WHERE  `name` = 'car' LIMIT 1 [ RunTime:0.000466s ]
[ 2019-03-28T12:53:34+08:00 ][ sql ] [ SQL ] INSERT INTO `auth_rule` (`pid` , `name` , `title` , `icon` , `remark` , `ismenu` , `status` , `createtime` , `updatetime`) VALUES (0 , 'car' , '速享车信息' , 'fa fa-car' , '' , 1 , 'normal' , 1553748814 , 1553748814) [ RunTime:0.003585s ]
[ 2019-03-28T12:53:34+08:00 ][ sql ] [ SQL ] SELECT `id` FROM `auth_rule` WHERE  `name` = 'car/index' LIMIT 1 [ RunTime:0.000360s ]
[ 2019-03-28T12:53:34+08:00 ][ sql ] [ SQL ] SELECT `id` FROM `auth_rule` WHERE  `name` = 'car/add' LIMIT 1 [ RunTime:0.000333s ]
[ 2019-03-28T12:53:34+08:00 ][ sql ] [ SQL ] SELECT `id` FROM `auth_rule` WHERE  `name` = 'car/edit' LIMIT 1 [ RunTime:0.000268s ]
[ 2019-03-28T12:53:34+08:00 ][ sql ] [ SQL ] SELECT `id` FROM `auth_rule` WHERE  `name` = 'car/del' LIMIT 1 [ RunTime:0.000247s ]
[ 2019-03-28T12:53:34+08:00 ][ sql ] [ SQL ] SELECT `id` FROM `auth_rule` WHERE  `name` = 'car/multi' LIMIT 1 [ RunTime:0.000317s ]
[ 2019-03-28T12:53:34+08:00 ][ sql ] [ SQL ] INSERT INTO `auth_rule` (`id` , `pid` , `name` , `icon` , `title` , `ismenu` , `status` , `createtime` , `updatetime`) VALUES (NULL , 278 , 'car/index' , 'fa fa-circle-o' , '查看' , 0 , 'normal' , 1553748814 , 1553748814) [ RunTime:0.000301s ]
[ 2019-03-28T12:53:34+08:00 ][ sql ] [ SQL ] INSERT INTO `auth_rule` (`id` , `pid` , `name` , `icon` , `title` , `ismenu` , `status` , `createtime` , `updatetime`) VALUES (NULL , 278 , 'car/add' , 'fa fa-circle-o' , '添加' , 0 , 'normal' , 1553748814 , 1553748814) [ RunTime:0.000268s ]
[ 2019-03-28T12:53:34+08:00 ][ sql ] [ SQL ] INSERT INTO `auth_rule` (`id` , `pid` , `name` , `icon` , `title` , `ismenu` , `status` , `createtime` , `updatetime`) VALUES (NULL , 278 , 'car/edit' , 'fa fa-circle-o' , '编辑' , 0 , 'normal' , 1553748814 , 1553748814) [ RunTime:0.000273s ]
[ 2019-03-28T12:53:34+08:00 ][ sql ] [ SQL ] INSERT INTO `auth_rule` (`id` , `pid` , `name` , `icon` , `title` , `ismenu` , `status` , `createtime` , `updatetime`) VALUES (NULL , 278 , 'car/del' , 'fa fa-circle-o' , '删除' , 0 , 'normal' , 1553748814 , 1553748814) [ RunTime:0.000267s ]
[ 2019-03-28T12:53:34+08:00 ][ sql ] [ SQL ] INSERT INTO `auth_rule` (`id` , `pid` , `name` , `icon` , `title` , `ismenu` , `status` , `createtime` , `updatetime`) VALUES (NULL , 278 , 'car/multi' , 'fa fa-circle-o' , '批量更新' , 0 , 'normal' , 1553748814 , 1553748814) [ RunTime:0.000252s ]
[ 2019-03-28T12:57:22+08:00 ][ sql ] [ DB ] CONNECT:[ UseTime:0.002310s ] mysql:host=127.0.0.1;dbname=car;charset=utf8
[ 2019-03-28T12:57:22+08:00 ][ sql ] [ SQL ] SHOW TABLE STATUS LIKE 'car' [ RunTime:0.000751s ]
[ 2019-03-28T12:57:56+08:00 ][ sql ] [ DB ] CONNECT:[ UseTime:0.002393s ] mysql:host=127.0.0.1;dbname=car;charset=utf8
[ 2019-03-28T12:57:56+08:00 ][ sql ] [ SQL ] SHOW TABLE STATUS LIKE 'car' [ RunTime:0.000665s ]
[ 2019-03-28T12:57:56+08:00 ][ sql ] [ SQL ] SELECT * FROM `information_schema`.`columns` WHERE TABLE_SCHEMA = 'car' AND table_name = 'car' ORDER BY ORDINAL_POSITION [ RunTime:0.001315s ]
[ 2019-03-28T12:57:56+08:00 ][ sql ] [ DB ] CONNECT:[ UseTime:0.002352s ] mysql:host=127.0.0.1;dbname=car;charset=utf8
[ 2019-03-28T12:57:56+08:00 ][ sql ] [ SQL ] SHOW COLUMNS FROM `auth_rule` [ RunTime:0.001140s ]
[ 2019-03-28T12:57:56+08:00 ][ sql ] [ SQL ] SELECT * FROM `auth_rule` WHERE  `name` = 'car' LIMIT 1 [ RunTime:0.000478s ]
[ 2019-03-28T12:57:56+08:00 ][ sql ] [ SQL ] INSERT INTO `auth_rule` (`pid` , `name` , `title` , `icon` , `remark` , `ismenu` , `status` , `createtime` , `updatetime`) VALUES (0 , 'car' , '速享车信息' , 'fa fa-car' , '' , 1 , 'normal' , 1553749076 , 1553749076) [ RunTime:0.003918s ]
[ 2019-03-28T12:57:56+08:00 ][ sql ] [ SQL ] SELECT `id` FROM `auth_rule` WHERE  `name` = 'car/index' LIMIT 1 [ RunTime:0.000384s ]
[ 2019-03-28T12:57:56+08:00 ][ sql ] [ SQL ] SELECT `id` FROM `auth_rule` WHERE  `name` = 'car/add' LIMIT 1 [ RunTime:0.000312s ]
[ 2019-03-28T12:57:56+08:00 ][ sql ] [ SQL ] SELECT `id` FROM `auth_rule` WHERE  `name` = 'car/edit' LIMIT 1 [ RunTime:0.000270s ]
[ 2019-03-28T12:57:56+08:00 ][ sql ] [ SQL ] SELECT `id` FROM `auth_rule` WHERE  `name` = 'car/del' LIMIT 1 [ RunTime:0.000273s ]
[ 2019-03-28T12:57:56+08:00 ][ sql ] [ SQL ] SELECT `id` FROM `auth_rule` WHERE  `name` = 'car/multi' LIMIT 1 [ RunTime:0.000245s ]
[ 2019-03-28T12:57:56+08:00 ][ sql ] [ SQL ] INSERT INTO `auth_rule` (`id` , `pid` , `name` , `icon` , `title` , `ismenu` , `status` , `createtime` , `updatetime`) VALUES (NULL , 284 , 'car/index' , 'fa fa-circle-o' , '查看' , 0 , 'normal' , 1553749076 , 1553749076) [ RunTime:0.000326s ]
[ 2019-03-28T12:57:56+08:00 ][ sql ] [ SQL ] INSERT INTO `auth_rule` (`id` , `pid` , `name` , `icon` , `title` , `ismenu` , `status` , `createtime` , `updatetime`) VALUES (NULL , 284 , 'car/add' , 'fa fa-circle-o' , '添加' , 0 , 'normal' , 1553749076 , 1553749076) [ RunTime:0.000279s ]
[ 2019-03-28T12:57:56+08:00 ][ sql ] [ SQL ] INSERT INTO `auth_rule` (`id` , `pid` , `name` , `icon` , `title` , `ismenu` , `status` , `createtime` , `updatetime`) VALUES (NULL , 284 , 'car/edit' , 'fa fa-circle-o' , '编辑' , 0 , 'normal' , 1553749076 , 1553749076) [ RunTime:0.000263s ]
[ 2019-03-28T12:57:56+08:00 ][ sql ] [ SQL ] INSERT INTO `auth_rule` (`id` , `pid` , `name` , `icon` , `title` , `ismenu` , `status` , `createtime` , `updatetime`) VALUES (NULL , 284 , 'car/del' , 'fa fa-circle-o' , '删除' , 0 , 'normal' , 1553749076 , 1553749076) [ RunTime:0.000258s ]
[ 2019-03-28T12:57:56+08:00 ][ sql ] [ SQL ] INSERT INTO `auth_rule` (`id` , `pid` , `name` , `icon` , `title` , `ismenu` , `status` , `createtime` , `updatetime`) VALUES (NULL , 284 , 'car/multi' , 'fa fa-circle-o' , '批量更新' , 0 , 'normal' , 1553749076 , 1553749076) [ RunTime:0.000295s ]
[ 2019-03-28T13:09:56+08:00 ][ sql ] [ DB ] CONNECT:[ UseTime:0.002190s ] mysql:host=127.0.0.1;dbname=car;charset=utf8
[ 2019-03-28T13:09:56+08:00 ][ sql ] [ SQL ] SHOW TABLE STATUS LIKE 'car' [ RunTime:0.000659s ]
[ 2019-03-28T13:10:14+08:00 ][ sql ] [ DB ] CONNECT:[ UseTime:0.002334s ] mysql:host=127.0.0.1;dbname=car;charset=utf8
[ 2019-03-28T13:10:14+08:00 ][ sql ] [ SQL ] SHOW TABLE STATUS LIKE 'car' [ RunTime:0.000697s ]
[ 2019-03-28T13:10:14+08:00 ][ sql ] [ SQL ] SELECT * FROM `information_schema`.`columns` WHERE TABLE_SCHEMA = 'car' AND table_name = 'car' ORDER BY ORDINAL_POSITION [ RunTime:0.001692s ]
[ 2019-03-28T13:10:43+08:00 ][ sql ] [ DB ] CONNECT:[ UseTime:0.002230s ] mysql:host=127.0.0.1;dbname=car;charset=utf8
[ 2019-03-28T13:10:43+08:00 ][ sql ] [ SQL ] SHOW COLUMNS FROM `auth_rule` [ RunTime:0.001798s ]
[ 2019-03-28T13:10:43+08:00 ][ sql ] [ SQL ] SELECT * FROM `auth_rule` WHERE  `name` = 'car' LIMIT 1 [ RunTime:0.000461s ]
[ 2019-03-28T13:10:43+08:00 ][ sql ] [ SQL ] INSERT INTO `auth_rule` (`pid` , `name` , `title` , `icon` , `remark` , `ismenu` , `status` , `createtime` , `updatetime`) VALUES (0 , 'car' , '速享车信息' , 'fa fa-car' , '' , 1 , 'normal' , 1553749843 , 1553749843) [ RunTime:0.002847s ]
[ 2019-03-28T13:10:43+08:00 ][ sql ] [ SQL ] SELECT `id` FROM `auth_rule` WHERE  `name` = 'car/index' LIMIT 1 [ RunTime:0.000290s ]
[ 2019-03-28T13:10:43+08:00 ][ sql ] [ SQL ] SELECT `id` FROM `auth_rule` WHERE  `name` = 'car/add' LIMIT 1 [ RunTime:0.000253s ]
[ 2019-03-28T13:10:43+08:00 ][ sql ] [ SQL ] SELECT `id` FROM `auth_rule` WHERE  `name` = 'car/edit' LIMIT 1 [ RunTime:0.000248s ]
[ 2019-03-28T13:10:43+08:00 ][ sql ] [ SQL ] SELECT `id` FROM `auth_rule` WHERE  `name` = 'car/del' LIMIT 1 [ RunTime:0.000246s ]
[ 2019-03-28T13:10:43+08:00 ][ sql ] [ SQL ] SELECT `id` FROM `auth_rule` WHERE  `name` = 'car/multi' LIMIT 1 [ RunTime:0.000243s ]
[ 2019-03-28T13:10:43+08:00 ][ sql ] [ SQL ] INSERT INTO `auth_rule` (`id` , `pid` , `name` , `icon` , `title` , `ismenu` , `status` , `createtime` , `updatetime`) VALUES (NULL , 290 , 'car/index' , 'fa fa-circle-o' , '查看' , 0 , 'normal' , 1553749843 , 1553749843) [ RunTime:0.000291s ]
[ 2019-03-28T13:10:43+08:00 ][ sql ] [ SQL ] INSERT INTO `auth_rule` (`id` , `pid` , `name` , `icon` , `title` , `ismenu` , `status` , `createtime` , `updatetime`) VALUES (NULL , 290 , 'car/add' , 'fa fa-circle-o' , '添加' , 0 , 'normal' , 1553749843 , 1553749843) [ RunTime:0.000256s ]
[ 2019-03-28T13:10:43+08:00 ][ sql ] [ SQL ] INSERT INTO `auth_rule` (`id` , `pid` , `name` , `icon` , `title` , `ismenu` , `status` , `createtime` , `updatetime`) VALUES (NULL , 290 , 'car/edit' , 'fa fa-circle-o' , '编辑' , 0 , 'normal' , 1553749843 , 1553749843) [ RunTime:0.000257s ]
[ 2019-03-28T13:10:43+08:00 ][ sql ] [ SQL ] INSERT INTO `auth_rule` (`id` , `pid` , `name` , `icon` , `title` , `ismenu` , `status` , `createtime` , `updatetime`) VALUES (NULL , 290 , 'car/del' , 'fa fa-circle-o' , '删除' , 0 , 'normal' , 1553749843 , 1553749843) [ RunTime:0.000252s ]
[ 2019-03-28T13:10:43+08:00 ][ sql ] [ SQL ] INSERT INTO `auth_rule` (`id` , `pid` , `name` , `icon` , `title` , `ismenu` , `status` , `createtime` , `updatetime`) VALUES (NULL , 290 , 'car/multi' , 'fa fa-circle-o' , '批量更新' , 0 , 'normal' , 1553749843 , 1553749843) [ RunTime:0.000253s ]
[ 2019-03-28T13:13:37+08:00 ][ sql ] [ DB ] CONNECT:[ UseTime:0.002400s ] mysql:host=127.0.0.1;dbname=car;charset=utf8
[ 2019-03-28T13:13:37+08:00 ][ sql ] [ SQL ] SHOW TABLE STATUS LIKE 'car' [ RunTime:0.000699s ]
[ 2019-03-28T13:14:04+08:00 ][ sql ] [ DB ] CONNECT:[ UseTime:0.002469s ] mysql:host=127.0.0.1;dbname=car;charset=utf8
[ 2019-03-28T13:14:04+08:00 ][ sql ] [ SQL ] SHOW TABLE STATUS LIKE 'car' [ RunTime:0.000686s ]
[ 2019-03-28T13:14:04+08:00 ][ sql ] [ SQL ] SELECT * FROM `information_schema`.`columns` WHERE TABLE_SCHEMA = 'car' AND table_name = 'car' ORDER BY ORDINAL_POSITION [ RunTime:0.001475s ]
[ 2019-03-28T13:14:22+08:00 ][ sql ] [ DB ] CONNECT:[ UseTime:0.002213s ] mysql:host=127.0.0.1;dbname=car;charset=utf8
[ 2019-03-28T13:14:22+08:00 ][ sql ] [ SQL ] SHOW COLUMNS FROM `auth_rule` [ RunTime:0.001690s ]
[ 2019-03-28T13:14:22+08:00 ][ sql ] [ SQL ] SELECT * FROM `auth_rule` WHERE  `name` = 'car' LIMIT 1 [ RunTime:0.000460s ]
[ 2019-03-28T13:14:22+08:00 ][ sql ] [ SQL ] SELECT `id` FROM `auth_rule` WHERE  `name` = 'car/index' LIMIT 1 [ RunTime:0.000613s ]
[ 2019-03-28T13:14:22+08:00 ][ sql ] [ SQL ] SELECT `id` FROM `auth_rule` WHERE  `name` = 'car/add' LIMIT 1 [ RunTime:0.000282s ]
[ 2019-03-28T13:14:22+08:00 ][ sql ] [ SQL ] SELECT `id` FROM `auth_rule` WHERE  `name` = 'car/edit' LIMIT 1 [ RunTime:0.000568s ]
[ 2019-03-28T13:14:22+08:00 ][ sql ] [ SQL ] SELECT `id` FROM `auth_rule` WHERE  `name` = 'car/del' LIMIT 1 [ RunTime:0.000264s ]
[ 2019-03-28T13:14:22+08:00 ][ sql ] [ SQL ] SELECT `id` FROM `auth_rule` WHERE  `name` = 'car/multi' LIMIT 1 [ RunTime:0.000519s ]
[ 2019-03-28T13:14:22+08:00 ][ sql ] [ SQL ] UPDATE `auth_rule`  SET `pid`=290,`name`='car/index',`icon`='fa fa-circle-o',`title`='查看',`ismenu`=0,`status`='normal',`updatetime`=1553750062  WHERE  `id` = 291 [ RunTime:0.000373s ]
[ 2019-03-28T13:14:22+08:00 ][ sql ] [ SQL ] UPDATE `auth_rule`  SET `pid`=290,`name`='car/add',`icon`='fa fa-circle-o',`title`='添加',`ismenu`=0,`status`='normal',`updatetime`=1553750062  WHERE  `id` = 292 [ RunTime:0.000307s ]
[ 2019-03-28T13:14:22+08:00 ][ sql ] [ SQL ] UPDATE `auth_rule`  SET `pid`=290,`name`='car/edit',`icon`='fa fa-circle-o',`title`='编辑',`ismenu`=0,`status`='normal',`updatetime`=1553750062  WHERE  `id` = 293 [ RunTime:0.000289s ]
[ 2019-03-28T13:14:22+08:00 ][ sql ] [ SQL ] UPDATE `auth_rule`  SET `pid`=290,`name`='car/del',`icon`='fa fa-circle-o',`title`='删除',`ismenu`=0,`status`='normal',`updatetime`=1553750062  WHERE  `id` = 294 [ RunTime:0.000287s ]
[ 2019-03-28T13:14:22+08:00 ][ sql ] [ SQL ] UPDATE `auth_rule`  SET `pid`=290,`name`='car/multi',`icon`='fa fa-circle-o',`title`='批量更新',`ismenu`=0,`status`='normal',`updatetime`=1553750062  WHERE  `id` = 295 [ RunTime:0.000279s ]
[ 2019-03-28T13:15:30+08:00 ][ sql ] [ DB ] CONNECT:[ UseTime:0.002273s ] mysql:host=127.0.0.1;dbname=car;charset=utf8
[ 2019-03-28T13:15:30+08:00 ][ sql ] [ SQL ] SHOW TABLE STATUS LIKE 'car' [ RunTime:0.000679s ]
[ 2019-03-28T13:15:34+08:00 ][ sql ] [ DB ] CONNECT:[ UseTime:0.002372s ] mysql:host=127.0.0.1;dbname=car;charset=utf8
[ 2019-03-28T13:15:34+08:00 ][ sql ] [ SQL ] SHOW TABLE STATUS LIKE 'car' [ RunTime:0.000658s ]
[ 2019-03-28T13:15:34+08:00 ][ sql ] [ SQL ] SELECT * FROM `information_schema`.`columns` WHERE TABLE_SCHEMA = 'car' AND table_name = 'car' ORDER BY ORDINAL_POSITION [ RunTime:0.001401s ]
[ 2019-03-28T13:15:39+08:00 ][ sql ] [ DB ] CONNECT:[ UseTime:0.002380s ] mysql:host=127.0.0.1;dbname=car;charset=utf8
[ 2019-03-28T13:15:39+08:00 ][ sql ] [ SQL ] SHOW COLUMNS FROM `auth_rule` [ RunTime:0.001753s ]
[ 2019-03-28T13:15:39+08:00 ][ sql ] [ SQL ] SELECT * FROM `auth_rule` WHERE  `name` = 'car' LIMIT 1 [ RunTime:0.000474s ]
[ 2019-03-28T13:15:39+08:00 ][ sql ] [ SQL ] SELECT `id` FROM `auth_rule` WHERE  `name` = 'car/index' LIMIT 1 [ RunTime:0.000725s ]
[ 2019-03-28T13:15:39+08:00 ][ sql ] [ SQL ] SELECT `id` FROM `auth_rule` WHERE  `name` = 'car/add' LIMIT 1 [ RunTime:0.000292s ]
[ 2019-03-28T13:15:39+08:00 ][ sql ] [ SQL ] SELECT `id` FROM `auth_rule` WHERE  `name` = 'car/edit' LIMIT 1 [ RunTime:0.000581s ]
[ 2019-03-28T13:15:39+08:00 ][ sql ] [ SQL ] SELECT `id` FROM `auth_rule` WHERE  `name` = 'car/del' LIMIT 1 [ RunTime:0.000268s ]
[ 2019-03-28T13:15:39+08:00 ][ sql ] [ SQL ] SELECT `id` FROM `auth_rule` WHERE  `name` = 'car/multi' LIMIT 1 [ RunTime:0.000520s ]
[ 2019-03-28T13:15:39+08:00 ][ sql ] [ SQL ] UPDATE `auth_rule`  SET `pid`=290,`name`='car/index',`icon`='fa fa-circle-o',`title`='查看',`ismenu`=0,`status`='normal',`updatetime`=1553750139  WHERE  `id` = 291 [ RunTime:0.000348s ]
[ 2019-03-28T13:15:39+08:00 ][ sql ] [ SQL ] UPDATE `auth_rule`  SET `pid`=290,`name`='car/add',`icon`='fa fa-circle-o',`title`='添加',`ismenu`=0,`status`='normal',`updatetime`=1553750139  WHERE  `id` = 292 [ RunTime:0.000290s ]
[ 2019-03-28T13:15:39+08:00 ][ sql ] [ SQL ] UPDATE `auth_rule`  SET `pid`=290,`name`='car/edit',`icon`='fa fa-circle-o',`title`='编辑',`ismenu`=0,`status`='normal',`updatetime`=1553750139  WHERE  `id` = 293 [ RunTime:0.000322s ]
[ 2019-03-28T13:15:39+08:00 ][ sql ] [ SQL ] UPDATE `auth_rule`  SET `pid`=290,`name`='car/del',`icon`='fa fa-circle-o',`title`='删除',`ismenu`=0,`status`='normal',`updatetime`=1553750139  WHERE  `id` = 294 [ RunTime:0.000306s ]
[ 2019-03-28T13:15:39+08:00 ][ sql ] [ SQL ] UPDATE `auth_rule`  SET `pid`=290,`name`='car/multi',`icon`='fa fa-circle-o',`title`='批量更新',`ismenu`=0,`status`='normal',`updatetime`=1553750139  WHERE  `id` = 295 [ RunTime:0.000309s ]
[ 2019-03-28T13:16:26+08:00 ][ sql ] [ DB ] CONNECT:[ UseTime:0.002457s ] mysql:host=127.0.0.1;dbname=car;charset=utf8
[ 2019-03-28T13:16:26+08:00 ][ sql ] [ SQL ] SHOW TABLE STATUS LIKE 'car' [ RunTime:0.000664s ]
[ 2019-03-28T13:16:32+08:00 ][ sql ] [ DB ] CONNECT:[ UseTime:0.002495s ] mysql:host=127.0.0.1;dbname=car;charset=utf8
[ 2019-03-28T13:16:32+08:00 ][ sql ] [ SQL ] SHOW TABLE STATUS LIKE 'car' [ RunTime:0.000705s ]
[ 2019-03-28T13:16:32+08:00 ][ sql ] [ SQL ] SELECT * FROM `information_schema`.`columns` WHERE TABLE_SCHEMA = 'car' AND table_name = 'car' ORDER BY ORDINAL_POSITION [ RunTime:0.001292s ]
[ 2019-03-28T13:16:35+08:00 ][ sql ] [ DB ] CONNECT:[ UseTime:0.002200s ] mysql:host=127.0.0.1;dbname=car;charset=utf8
[ 2019-03-28T13:16:35+08:00 ][ sql ] [ SQL ] SHOW COLUMNS FROM `auth_rule` [ RunTime:0.001690s ]
[ 2019-03-28T13:16:35+08:00 ][ sql ] [ SQL ] SELECT * FROM `auth_rule` WHERE  `name` = 'car' LIMIT 1 [ RunTime:0.000468s ]
[ 2019-03-28T13:16:35+08:00 ][ sql ] [ SQL ] SELECT `id` FROM `auth_rule` WHERE  `name` = 'car/index' LIMIT 1 [ RunTime:0.000699s ]
[ 2019-03-28T13:16:35+08:00 ][ sql ] [ SQL ] SELECT `id` FROM `auth_rule` WHERE  `name` = 'car/add' LIMIT 1 [ RunTime:0.000286s ]
[ 2019-03-28T13:16:35+08:00 ][ sql ] [ SQL ] SELECT `id` FROM `auth_rule` WHERE  `name` = 'car/edit' LIMIT 1 [ RunTime:0.000533s ]
[ 2019-03-28T13:16:35+08:00 ][ sql ] [ SQL ] SELECT `id` FROM `auth_rule` WHERE  `name` = 'car/del' LIMIT 1 [ RunTime:0.000263s ]
[ 2019-03-28T13:16:35+08:00 ][ sql ] [ SQL ] SELECT `id` FROM `auth_rule` WHERE  `name` = 'car/multi' LIMIT 1 [ RunTime:0.000514s ]
[ 2019-03-28T13:16:35+08:00 ][ sql ] [ SQL ] UPDATE `auth_rule`  SET `pid`=290,`name`='car/index',`icon`='fa fa-circle-o',`title`='查看',`ismenu`=0,`status`='normal',`updatetime`=1553750195  WHERE  `id` = 291 [ RunTime:0.000322s ]
[ 2019-03-28T13:16:35+08:00 ][ sql ] [ SQL ] UPDATE `auth_rule`  SET `pid`=290,`name`='car/add',`icon`='fa fa-circle-o',`title`='添加',`ismenu`=0,`status`='normal',`updatetime`=1553750195  WHERE  `id` = 292 [ RunTime:0.000288s ]
[ 2019-03-28T13:16:35+08:00 ][ sql ] [ SQL ] UPDATE `auth_rule`  SET `pid`=290,`name`='car/edit',`icon`='fa fa-circle-o',`title`='编辑',`ismenu`=0,`status`='normal',`updatetime`=1553750195  WHERE  `id` = 293 [ RunTime:0.000304s ]
[ 2019-03-28T13:16:35+08:00 ][ sql ] [ SQL ] UPDATE `auth_rule`  SET `pid`=290,`name`='car/del',`icon`='fa fa-circle-o',`title`='删除',`ismenu`=0,`status`='normal',`updatetime`=1553750195  WHERE  `id` = 294 [ RunTime:0.000279s ]
[ 2019-03-28T13:16:35+08:00 ][ sql ] [ SQL ] UPDATE `auth_rule`  SET `pid`=290,`name`='car/multi',`icon`='fa fa-circle-o',`title`='批量更新',`ismenu`=0,`status`='normal',`updatetime`=1553750195  WHERE  `id` = 295 [ RunTime:0.000292s ]
[ 2019-03-28T13:38:11+08:00 ][ sql ] [ DB ] CONNECT:[ UseTime:0.002241s ] mysql:host=127.0.0.1;dbname=car;charset=utf8
[ 2019-03-28T13:38:11+08:00 ][ sql ] [ SQL ] SHOW COLUMNS FROM `auth_rule` [ RunTime:0.001644s ]
[ 2019-03-28T13:38:11+08:00 ][ sql ] [ SQL ] SELECT * FROM `auth_rule` WHERE  `name` = 'car' LIMIT 1 [ RunTime:0.000471s ]
[ 2019-03-28T13:38:11+08:00 ][ sql ] [ SQL ] INSERT INTO `auth_rule` (`pid` , `name` , `title` , `icon` , `remark` , `ismenu` , `status` , `createtime` , `updatetime`) VALUES (0 , 'car' , '速享车信息' , 'fa fa-car' , '' , 1 , 'normal' , 1553751491 , 1553751491) [ RunTime:0.002862s ]
[ 2019-03-28T13:38:11+08:00 ][ sql ] [ SQL ] SELECT `id` FROM `auth_rule` WHERE  `name` = 'car/index' LIMIT 1 [ RunTime:0.000335s ]
[ 2019-03-28T13:38:11+08:00 ][ sql ] [ SQL ] SELECT `id` FROM `auth_rule` WHERE  `name` = 'car/add' LIMIT 1 [ RunTime:0.000259s ]
[ 2019-03-28T13:38:11+08:00 ][ sql ] [ SQL ] SELECT `id` FROM `auth_rule` WHERE  `name` = 'car/edit' LIMIT 1 [ RunTime:0.000273s ]
[ 2019-03-28T13:38:11+08:00 ][ sql ] [ SQL ] SELECT `id` FROM `auth_rule` WHERE  `name` = 'car/del' LIMIT 1 [ RunTime:0.000250s ]
[ 2019-03-28T13:38:11+08:00 ][ sql ] [ SQL ] SELECT `id` FROM `auth_rule` WHERE  `name` = 'car/multi' LIMIT 1 [ RunTime:0.000242s ]
[ 2019-03-28T13:38:11+08:00 ][ sql ] [ SQL ] INSERT INTO `auth_rule` (`id` , `pid` , `name` , `icon` , `title` , `ismenu` , `status` , `createtime` , `updatetime`) VALUES (NULL , 296 , 'car/index' , 'fa fa-circle-o' , '查看' , 0 , 'normal' , 1553751491 , 1553751491) [ RunTime:0.000317s ]
[ 2019-03-28T13:38:11+08:00 ][ sql ] [ SQL ] INSERT INTO `auth_rule` (`id` , `pid` , `name` , `icon` , `title` , `ismenu` , `status` , `createtime` , `updatetime`) VALUES (NULL , 296 , 'car/add' , 'fa fa-circle-o' , '添加' , 0 , 'normal' , 1553751491 , 1553751491) [ RunTime:0.000280s ]
[ 2019-03-28T13:38:11+08:00 ][ sql ] [ SQL ] INSERT INTO `auth_rule` (`id` , `pid` , `name` , `icon` , `title` , `ismenu` , `status` , `createtime` , `updatetime`) VALUES (NULL , 296 , 'car/edit' , 'fa fa-circle-o' , '编辑' , 0 , 'normal' , 1553751491 , 1553751491) [ RunTime:0.000255s ]
[ 2019-03-28T13:38:11+08:00 ][ sql ] [ SQL ] INSERT INTO `auth_rule` (`id` , `pid` , `name` , `icon` , `title` , `ismenu` , `status` , `createtime` , `updatetime`) VALUES (NULL , 296 , 'car/del' , 'fa fa-circle-o' , '删除' , 0 , 'normal' , 1553751491 , 1553751491) [ RunTime:0.000274s ]
[ 2019-03-28T13:38:11+08:00 ][ sql ] [ SQL ] INSERT INTO `auth_rule` (`id` , `pid` , `name` , `icon` , `title` , `ismenu` , `status` , `createtime` , `updatetime`) VALUES (NULL , 296 , 'car/multi' , 'fa fa-circle-o' , '批量更新' , 0 , 'normal' , 1553751491 , 1553751491) [ RunTime:0.000251s ]
[ 2019-03-28T13:58:28+08:00 ][ sql ] [ DB ] CONNECT:[ UseTime:0.002226s ] mysql:host=127.0.0.1;dbname=car;charset=utf8
[ 2019-03-28T13:58:28+08:00 ][ sql ] [ SQL ] SHOW TABLE STATUS LIKE 'car' [ RunTime:0.000644s ]
[ 2019-03-28T13:58:35+08:00 ][ sql ] [ DB ] CONNECT:[ UseTime:0.002418s ] mysql:host=127.0.0.1;dbname=car;charset=utf8
[ 2019-03-28T13:58:35+08:00 ][ sql ] [ SQL ] SHOW TABLE STATUS LIKE 'car' [ RunTime:0.000737s ]
[ 2019-03-28T14:02:51+08:00 ][ sql ] [ DB ] CONNECT:[ UseTime:0.002297s ] mysql:host=127.0.0.1;dbname=car;charset=utf8
[ 2019-03-28T14:02:51+08:00 ][ sql ] [ SQL ] SHOW TABLE STATUS LIKE 'car' [ RunTime:0.000660s ]
[ 2019-03-28T14:02:51+08:00 ][ sql ] [ SQL ] SELECT * FROM `information_schema`.`columns` WHERE TABLE_SCHEMA = 'car' AND table_name = 'car' ORDER BY ORDINAL_POSITION [ RunTime:0.001271s ]
[ 2019-03-28T14:02:51+08:00 ][ sql ] [ DB ] CONNECT:[ UseTime:0.002224s ] mysql:host=127.0.0.1;dbname=car;charset=utf8
[ 2019-03-28T14:02:51+08:00 ][ sql ] [ SQL ] SHOW COLUMNS FROM `auth_rule` [ RunTime:0.001132s ]
[ 2019-03-28T14:02:51+08:00 ][ sql ] [ SQL ] SELECT * FROM `auth_rule` WHERE  `name` = 'car' LIMIT 1 [ RunTime:0.000453s ]
[ 2019-03-28T14:02:51+08:00 ][ sql ] [ SQL ] SELECT `id` FROM `auth_rule` WHERE  `name` = 'car/index' LIMIT 1 [ RunTime:0.000305s ]
[ 2019-03-28T14:02:51+08:00 ][ sql ] [ SQL ] SELECT `id` FROM `auth_rule` WHERE  `name` = 'car/add' LIMIT 1 [ RunTime:0.000278s ]
[ 2019-03-28T14:02:51+08:00 ][ sql ] [ SQL ] SELECT `id` FROM `auth_rule` WHERE  `name` = 'car/edit' LIMIT 1 [ RunTime:0.000277s ]
[ 2019-03-28T14:02:51+08:00 ][ sql ] [ SQL ] SELECT `id` FROM `auth_rule` WHERE  `name` = 'car/del' LIMIT 1 [ RunTime:0.000273s ]
[ 2019-03-28T14:02:51+08:00 ][ sql ] [ SQL ] SELECT `id` FROM `auth_rule` WHERE  `name` = 'car/multi' LIMIT 1 [ RunTime:0.000286s ]
[ 2019-03-28T14:02:51+08:00 ][ sql ] [ SQL ] UPDATE `auth_rule`  SET `pid`=296,`name`='car/index',`icon`='fa fa-circle-o',`title`='查看',`ismenu`=0,`status`='normal',`updatetime`=1553752971  WHERE  `id` = 297 [ RunTime:0.000347s ]
[ 2019-03-28T14:02:51+08:00 ][ sql ] [ SQL ] UPDATE `auth_rule`  SET `pid`=296,`name`='car/add',`icon`='fa fa-circle-o',`title`='添加',`ismenu`=0,`status`='normal',`updatetime`=1553752971  WHERE  `id` = 298 [ RunTime:0.000308s ]
[ 2019-03-28T14:02:51+08:00 ][ sql ] [ SQL ] UPDATE `auth_rule`  SET `pid`=296,`name`='car/edit',`icon`='fa fa-circle-o',`title`='编辑',`ismenu`=0,`status`='normal',`updatetime`=1553752971  WHERE  `id` = 299 [ RunTime:0.000279s ]
[ 2019-03-28T14:02:51+08:00 ][ sql ] [ SQL ] UPDATE `auth_rule`  SET `pid`=296,`name`='car/del',`icon`='fa fa-circle-o',`title`='删除',`ismenu`=0,`status`='normal',`updatetime`=1553752971  WHERE  `id` = 300 [ RunTime:0.000288s ]
[ 2019-03-28T14:02:51+08:00 ][ sql ] [ SQL ] UPDATE `auth_rule`  SET `pid`=296,`name`='car/multi',`icon`='fa fa-circle-o',`title`='批量更新',`ismenu`=0,`status`='normal',`updatetime`=1553752971  WHERE  `id` = 301 [ RunTime:0.000274s ]
[ 2019-03-28T14:15:46+08:00 ][ sql ] [ DB ] CONNECT:[ UseTime:0.002190s ] mysql:host=127.0.0.1;dbname=car;charset=utf8
[ 2019-03-28T14:15:46+08:00 ][ sql ] [ SQL ] SHOW TABLE STATUS LIKE 'car' [ RunTime:0.000706s ]
[ 2019-03-28T14:16:13+08:00 ][ sql ] [ DB ] CONNECT:[ UseTime:0.002322s ] mysql:host=127.0.0.1;dbname=car;charset=utf8
[ 2019-03-28T14:16:13+08:00 ][ sql ] [ SQL ] SHOW TABLE STATUS LIKE 'car' [ RunTime:0.000698s ]
[ 2019-03-28T14:16:13+08:00 ][ sql ] [ SQL ] SELECT * FROM `information_schema`.`columns` WHERE TABLE_SCHEMA = 'car' AND table_name = 'car' ORDER BY ORDINAL_POSITION [ RunTime:0.001458s ]
[ 2019-03-28T14:16:13+08:00 ][ sql ] [ DB ] CONNECT:[ UseTime:0.002385s ] mysql:host=127.0.0.1;dbname=car;charset=utf8
[ 2019-03-28T14:16:13+08:00 ][ sql ] [ SQL ] SHOW COLUMNS FROM `auth_rule` [ RunTime:0.001151s ]
[ 2019-03-28T14:16:13+08:00 ][ sql ] [ SQL ] SELECT * FROM `auth_rule` WHERE  `name` = 'car' LIMIT 1 [ RunTime:0.000444s ]
[ 2019-03-28T14:16:13+08:00 ][ sql ] [ SQL ] INSERT INTO `auth_rule` (`pid` , `name` , `title` , `icon` , `remark` , `ismenu` , `status` , `createtime` , `updatetime`) VALUES (0 , 'car' , '速享车信息' , 'fa fa-car' , '' , 1 , 'normal' , 1553753773 , 1553753773) [ RunTime:0.003719s ]
[ 2019-03-28T14:16:13+08:00 ][ sql ] [ SQL ] SELECT `id` FROM `auth_rule` WHERE  `name` = 'car/index' LIMIT 1 [ RunTime:0.000317s ]
[ 2019-03-28T14:16:13+08:00 ][ sql ] [ SQL ] SELECT `id` FROM `auth_rule` WHERE  `name` = 'car/add' LIMIT 1 [ RunTime:0.000267s ]
[ 2019-03-28T14:16:13+08:00 ][ sql ] [ SQL ] SELECT `id` FROM `auth_rule` WHERE  `name` = 'car/edit' LIMIT 1 [ RunTime:0.000253s ]
[ 2019-03-28T14:16:13+08:00 ][ sql ] [ SQL ] SELECT `id` FROM `auth_rule` WHERE  `name` = 'car/del' LIMIT 1 [ RunTime:0.000256s ]
[ 2019-03-28T14:16:13+08:00 ][ sql ] [ SQL ] SELECT `id` FROM `auth_rule` WHERE  `name` = 'car/multi' LIMIT 1 [ RunTime:0.000262s ]
[ 2019-03-28T14:16:13+08:00 ][ sql ] [ SQL ] INSERT INTO `auth_rule` (`id` , `pid` , `name` , `icon` , `title` , `ismenu` , `status` , `createtime` , `updatetime`) VALUES (NULL , 302 , 'car/index' , 'fa fa-circle-o' , '查看' , 0 , 'normal' , 1553753773 , 1553753773) [ RunTime:0.000364s ]
[ 2019-03-28T14:16:13+08:00 ][ sql ] [ SQL ] INSERT INTO `auth_rule` (`id` , `pid` , `name` , `icon` , `title` , `ismenu` , `status` , `createtime` , `updatetime`) VALUES (NULL , 302 , 'car/add' , 'fa fa-circle-o' , '添加' , 0 , 'normal' , 1553753773 , 1553753773) [ RunTime:0.000280s ]
[ 2019-03-28T14:16:13+08:00 ][ sql ] [ SQL ] INSERT INTO `auth_rule` (`id` , `pid` , `name` , `icon` , `title` , `ismenu` , `status` , `createtime` , `updatetime`) VALUES (NULL , 302 , 'car/edit' , 'fa fa-circle-o' , '编辑' , 0 , 'normal' , 1553753773 , 1553753773) [ RunTime:0.000276s ]
[ 2019-03-28T14:16:13+08:00 ][ sql ] [ SQL ] INSERT INTO `auth_rule` (`id` , `pid` , `name` , `icon` , `title` , `ismenu` , `status` , `createtime` , `updatetime`) VALUES (NULL , 302 , 'car/del' , 'fa fa-circle-o' , '删除' , 0 , 'normal' , 1553753773 , 1553753773) [ RunTime:0.000257s ]
[ 2019-03-28T14:16:13+08:00 ][ sql ] [ SQL ] INSERT INTO `auth_rule` (`id` , `pid` , `name` , `icon` , `title` , `ismenu` , `status` , `createtime` , `updatetime`) VALUES (NULL , 302 , 'car/multi' , 'fa fa-circle-o' , '批量更新' , 0 , 'normal' , 1553753773 , 1553753773) [ RunTime:0.000271s ]
[ 2019-03-28T21:44:32+08:00 ][ sql ] [ DB ] CONNECT:[ UseTime:0.002290s ] mysql:host=127.0.0.1;dbname=car;charset=utf8
[ 2019-03-28T21:44:32+08:00 ][ sql ] [ SQL ] SHOW TABLE STATUS LIKE 'car' [ RunTime:0.000621s ]
[ 2019-03-28T21:44:45+08:00 ][ sql ] [ DB ] CONNECT:[ UseTime:0.002477s ] mysql:host=127.0.0.1;dbname=car;charset=utf8
[ 2019-03-28T21:44:45+08:00 ][ sql ] [ SQL ] SHOW TABLE STATUS LIKE 'car' [ RunTime:0.000687s ]
[ 2019-03-28T21:44:45+08:00 ][ sql ] [ SQL ] SELECT * FROM `information_schema`.`columns` WHERE TABLE_SCHEMA = 'car' AND table_name = 'car' ORDER BY ORDINAL_POSITION [ RunTime:0.001391s ]
[ 2019-03-28T21:44:45+08:00 ][ sql ] [ DB ] CONNECT:[ UseTime:0.002315s ] mysql:host=127.0.0.1;dbname=car;charset=utf8
[ 2019-03-28T21:44:45+08:00 ][ sql ] [ SQL ] SHOW COLUMNS FROM `auth_rule` [ RunTime:0.001166s ]
[ 2019-03-28T21:44:45+08:00 ][ sql ] [ SQL ] SELECT * FROM `auth_rule` WHERE  `name` = 'car' LIMIT 1 [ RunTime:0.000564s ]
[ 2019-03-28T21:44:45+08:00 ][ sql ] [ SQL ] SELECT `id` FROM `auth_rule` WHERE  `name` = 'car/index' LIMIT 1 [ RunTime:0.000311s ]
[ 2019-03-28T21:44:45+08:00 ][ sql ] [ SQL ] SELECT `id` FROM `auth_rule` WHERE  `name` = 'car/add' LIMIT 1 [ RunTime:0.000271s ]
[ 2019-03-28T21:44:45+08:00 ][ sql ] [ SQL ] SELECT `id` FROM `auth_rule` WHERE  `name` = 'car/edit' LIMIT 1 [ RunTime:0.000274s ]
[ 2019-03-28T21:44:45+08:00 ][ sql ] [ SQL ] SELECT `id` FROM `auth_rule` WHERE  `name` = 'car/del' LIMIT 1 [ RunTime:0.000266s ]
[ 2019-03-28T21:44:45+08:00 ][ sql ] [ SQL ] SELECT `id` FROM `auth_rule` WHERE  `name` = 'car/multi' LIMIT 1 [ RunTime:0.000275s ]
[ 2019-03-28T21:44:45+08:00 ][ sql ] [ SQL ] UPDATE `auth_rule`  SET `pid`=302,`name`='car/index',`icon`='fa fa-circle-o',`title`='查看',`ismenu`=0,`status`='normal',`updatetime`=1553780685  WHERE  `id` = 303 [ RunTime:0.000333s ]
[ 2019-03-28T21:44:45+08:00 ][ sql ] [ SQL ] UPDATE `auth_rule`  SET `pid`=302,`name`='car/add',`icon`='fa fa-circle-o',`title`='添加',`ismenu`=0,`status`='normal',`updatetime`=1553780685  WHERE  `id` = 304 [ RunTime:0.000313s ]
[ 2019-03-28T21:44:45+08:00 ][ sql ] [ SQL ] UPDATE `auth_rule`  SET `pid`=302,`name`='car/edit',`icon`='fa fa-circle-o',`title`='编辑',`ismenu`=0,`status`='normal',`updatetime`=1553780685  WHERE  `id` = 305 [ RunTime:0.000287s ]
[ 2019-03-28T21:44:45+08:00 ][ sql ] [ SQL ] UPDATE `auth_rule`  SET `pid`=302,`name`='car/del',`icon`='fa fa-circle-o',`title`='删除',`ismenu`=0,`status`='normal',`updatetime`=1553780685  WHERE  `id` = 306 [ RunTime:0.000282s ]
[ 2019-03-28T21:44:45+08:00 ][ sql ] [ SQL ] UPDATE `auth_rule`  SET `pid`=302,`name`='car/multi',`icon`='fa fa-circle-o',`title`='批量更新',`ismenu`=0,`status`='normal',`updatetime`=1553780685  WHERE  `id` = 307 [ RunTime:0.000273s ]
[ 2019-03-28T21:57:12+08:00 ][ sql ] [ DB ] CONNECT:[ UseTime:0.002302s ] mysql:host=127.0.0.1;dbname=car;charset=utf8
[ 2019-03-28T21:57:12+08:00 ][ sql ] [ SQL ] SHOW TABLE STATUS LIKE 'car' [ RunTime:0.000751s ]
[ 2019-03-28T21:57:15+08:00 ][ sql ] [ DB ] CONNECT:[ UseTime:0.002162s ] mysql:host=127.0.0.1;dbname=car;charset=utf8
[ 2019-03-28T21:57:15+08:00 ][ sql ] [ SQL ] SHOW TABLE STATUS LIKE 'car' [ RunTime:0.000640s ]
[ 2019-03-28T21:57:15+08:00 ][ sql ] [ SQL ] SELECT * FROM `information_schema`.`columns` WHERE TABLE_SCHEMA = 'car' AND table_name = 'car' ORDER BY ORDINAL_POSITION [ RunTime:0.001228s ]
[ 2019-03-28T21:57:15+08:00 ][ sql ] [ DB ] CONNECT:[ UseTime:0.002353s ] mysql:host=127.0.0.1;dbname=car;charset=utf8
[ 2019-03-28T21:57:15+08:00 ][ sql ] [ SQL ] SHOW COLUMNS FROM `auth_rule` [ RunTime:0.001287s ]
[ 2019-03-28T21:57:15+08:00 ][ sql ] [ SQL ] SELECT * FROM `auth_rule` WHERE  `name` = 'car' LIMIT 1 [ RunTime:0.000482s ]
[ 2019-03-28T21:57:15+08:00 ][ sql ] [ SQL ] SELECT `id` FROM `auth_rule` WHERE  `name` = 'car/index' LIMIT 1 [ RunTime:0.000374s ]
[ 2019-03-28T21:57:15+08:00 ][ sql ] [ SQL ] SELECT `id` FROM `auth_rule` WHERE  `name` = 'car/add' LIMIT 1 [ RunTime:0.000265s ]
[ 2019-03-28T21:57:15+08:00 ][ sql ] [ SQL ] SELECT `id` FROM `auth_rule` WHERE  `name` = 'car/edit' LIMIT 1 [ RunTime:0.000293s ]
[ 2019-03-28T21:57:15+08:00 ][ sql ] [ SQL ] SELECT `id` FROM `auth_rule` WHERE  `name` = 'car/del' LIMIT 1 [ RunTime:0.000260s ]
[ 2019-03-28T21:57:15+08:00 ][ sql ] [ SQL ] SELECT `id` FROM `auth_rule` WHERE  `name` = 'car/multi' LIMIT 1 [ RunTime:0.000271s ]
[ 2019-03-28T21:57:15+08:00 ][ sql ] [ SQL ] UPDATE `auth_rule`  SET `pid`=302,`name`='car/index',`icon`='fa fa-circle-o',`title`='查看',`ismenu`=0,`status`='normal',`updatetime`=1553781435  WHERE  `id` = 303 [ RunTime:0.000323s ]
[ 2019-03-28T21:57:15+08:00 ][ sql ] [ SQL ] UPDATE `auth_rule`  SET `pid`=302,`name`='car/add',`icon`='fa fa-circle-o',`title`='添加',`ismenu`=0,`status`='normal',`updatetime`=1553781435  WHERE  `id` = 304 [ RunTime:0.000286s ]
[ 2019-03-28T21:57:15+08:00 ][ sql ] [ SQL ] UPDATE `auth_rule`  SET `pid`=302,`name`='car/edit',`icon`='fa fa-circle-o',`title`='编辑',`ismenu`=0,`status`='normal',`updatetime`=1553781435  WHERE  `id` = 305 [ RunTime:0.000277s ]
[ 2019-03-28T21:57:15+08:00 ][ sql ] [ SQL ] UPDATE `auth_rule`  SET `pid`=302,`name`='car/del',`icon`='fa fa-circle-o',`title`='删除',`ismenu`=0,`status`='normal',`updatetime`=1553781435  WHERE  `id` = 306 [ RunTime:0.000280s ]
[ 2019-03-28T21:57:15+08:00 ][ sql ] [ SQL ] UPDATE `auth_rule`  SET `pid`=302,`name`='car/multi',`icon`='fa fa-circle-o',`title`='批量更新',`ismenu`=0,`status`='normal',`updatetime`=1553781435  WHERE  `id` = 307 [ RunTime:0.000291s ]
[ 2019-03-28T21:58:56+08:00 ][ sql ] [ DB ] CONNECT:[ UseTime:0.002235s ] mysql:host=127.0.0.1;dbname=car;charset=utf8
[ 2019-03-28T21:58:56+08:00 ][ sql ] [ SQL ] SHOW TABLE STATUS LIKE 'car' [ RunTime:0.000652s ]
[ 2019-03-28T21:59:38+08:00 ][ sql ] [ DB ] CONNECT:[ UseTime:0.002249s ] mysql:host=127.0.0.1;dbname=car;charset=utf8
[ 2019-03-28T21:59:38+08:00 ][ sql ] [ SQL ] SHOW TABLE STATUS LIKE 'car' [ RunTime:0.000686s ]
[ 2019-03-28T21:59:38+08:00 ][ sql ] [ SQL ] SELECT * FROM `information_schema`.`columns` WHERE TABLE_SCHEMA = 'car' AND table_name = 'car' ORDER BY ORDINAL_POSITION [ RunTime:0.001246s ]
[ 2019-03-28T21:59:38+08:00 ][ sql ] [ DB ] CONNECT:[ UseTime:0.002213s ] mysql:host=127.0.0.1;dbname=car;charset=utf8
[ 2019-03-28T21:59:38+08:00 ][ sql ] [ SQL ] SHOW COLUMNS FROM `auth_rule` [ RunTime:0.001109s ]
[ 2019-03-28T21:59:38+08:00 ][ sql ] [ SQL ] SELECT * FROM `auth_rule` WHERE  `name` = 'car' LIMIT 1 [ RunTime:0.000457s ]
[ 2019-03-28T21:59:38+08:00 ][ sql ] [ SQL ] INSERT INTO `auth_rule` (`pid` , `name` , `title` , `icon` , `remark` , `ismenu` , `status` , `createtime` , `updatetime`) VALUES (0 , 'car' , '速享车信息' , 'fa fa-car' , '' , 1 , 'normal' , 1553781578 , 1553781578) [ RunTime:0.003277s ]
[ 2019-03-28T21:59:38+08:00 ][ sql ] [ SQL ] SELECT `id` FROM `auth_rule` WHERE  `name` = 'car/index' LIMIT 1 [ RunTime:0.000311s ]
[ 2019-03-28T21:59:38+08:00 ][ sql ] [ SQL ] SELECT `id` FROM `auth_rule` WHERE  `name` = 'car/add' LIMIT 1 [ RunTime:0.000284s ]
[ 2019-03-28T21:59:38+08:00 ][ sql ] [ SQL ] SELECT `id` FROM `auth_rule` WHERE  `name` = 'car/edit' LIMIT 1 [ RunTime:0.000257s ]
[ 2019-03-28T21:59:38+08:00 ][ sql ] [ SQL ] SELECT `id` FROM `auth_rule` WHERE  `name` = 'car/del' LIMIT 1 [ RunTime:0.000247s ]
[ 2019-03-28T21:59:38+08:00 ][ sql ] [ SQL ] SELECT `id` FROM `auth_rule` WHERE  `name` = 'car/multi' LIMIT 1 [ RunTime:0.000243s ]
[ 2019-03-28T21:59:38+08:00 ][ sql ] [ SQL ] INSERT INTO `auth_rule` (`id` , `pid` , `name` , `icon` , `title` , `ismenu` , `status` , `createtime` , `updatetime`) VALUES (NULL , 308 , 'car/index' , 'fa fa-circle-o' , '查看' , 0 , 'normal' , 1553781578 , 1553781578) [ RunTime:0.000304s ]
[ 2019-03-28T21:59:38+08:00 ][ sql ] [ SQL ] INSERT INTO `auth_rule` (`id` , `pid` , `name` , `icon` , `title` , `ismenu` , `status` , `createtime` , `updatetime`) VALUES (NULL , 308 , 'car/add' , 'fa fa-circle-o' , '添加' , 0 , 'normal' , 1553781578 , 1553781578) [ RunTime:0.000262s ]
[ 2019-03-28T21:59:38+08:00 ][ sql ] [ SQL ] INSERT INTO `auth_rule` (`id` , `pid` , `name` , `icon` , `title` , `ismenu` , `status` , `createtime` , `updatetime`) VALUES (NULL , 308 , 'car/edit' , 'fa fa-circle-o' , '编辑' , 0 , 'normal' , 1553781578 , 1553781578) [ RunTime:0.000253s ]
[ 2019-03-28T21:59:38+08:00 ][ sql ] [ SQL ] INSERT INTO `auth_rule` (`id` , `pid` , `name` , `icon` , `title` , `ismenu` , `status` , `createtime` , `updatetime`) VALUES (NULL , 308 , 'car/del' , 'fa fa-circle-o' , '删除' , 0 , 'normal' , 1553781578 , 1553781578) [ RunTime:0.000256s ]
[ 2019-03-28T21:59:38+08:00 ][ sql ] [ SQL ] INSERT INTO `auth_rule` (`id` , `pid` , `name` , `icon` , `title` , `ismenu` , `status` , `createtime` , `updatetime`) VALUES (NULL , 308 , 'car/multi' , 'fa fa-circle-o' , '批量更新' , 0 , 'normal' , 1553781578 , 1553781578) [ RunTime:0.000250s ]
[ 2019-03-28T22:02:12+08:00 ][ sql ] [ DB ] CONNECT:[ UseTime:0.002255s ] mysql:host=127.0.0.1;dbname=car;charset=utf8
[ 2019-03-28T22:02:12+08:00 ][ sql ] [ SQL ] SHOW TABLE STATUS LIKE 'car' [ RunTime:0.000715s ]
[ 2019-03-28T22:02:35+08:00 ][ sql ] [ DB ] CONNECT:[ UseTime:0.002279s ] mysql:host=127.0.0.1;dbname=car;charset=utf8
[ 2019-03-28T22:02:35+08:00 ][ sql ] [ SQL ] SHOW TABLE STATUS LIKE 'car' [ RunTime:0.000645s ]
[ 2019-03-28T22:02:35+08:00 ][ sql ] [ SQL ] SELECT * FROM `information_schema`.`columns` WHERE TABLE_SCHEMA = 'car' AND table_name = 'car' ORDER BY ORDINAL_POSITION [ RunTime:0.001243s ]
[ 2019-03-28T22:02:35+08:00 ][ sql ] [ DB ] CONNECT:[ UseTime:0.002188s ] mysql:host=127.0.0.1;dbname=car;charset=utf8
[ 2019-03-28T22:02:35+08:00 ][ sql ] [ SQL ] SHOW COLUMNS FROM `auth_rule` [ RunTime:0.001081s ]
[ 2019-03-28T22:02:35+08:00 ][ sql ] [ SQL ] SELECT * FROM `auth_rule` WHERE  `name` = 'car' LIMIT 1 [ RunTime:0.000477s ]
[ 2019-03-28T22:02:35+08:00 ][ sql ] [ SQL ] SELECT `id` FROM `auth_rule` WHERE  `name` = 'car/index' LIMIT 1 [ RunTime:0.000299s ]
[ 2019-03-28T22:02:35+08:00 ][ sql ] [ SQL ] SELECT `id` FROM `auth_rule` WHERE  `name` = 'car/add' LIMIT 1 [ RunTime:0.000266s ]
[ 2019-03-28T22:02:35+08:00 ][ sql ] [ SQL ] SELECT `id` FROM `auth_rule` WHERE  `name` = 'car/edit' LIMIT 1 [ RunTime:0.000273s ]
[ 2019-03-28T22:02:35+08:00 ][ sql ] [ SQL ] SELECT `id` FROM `auth_rule` WHERE  `name` = 'car/del' LIMIT 1 [ RunTime:0.000263s ]
[ 2019-03-28T22:02:35+08:00 ][ sql ] [ SQL ] SELECT `id` FROM `auth_rule` WHERE  `name` = 'car/multi' LIMIT 1 [ RunTime:0.000271s ]
[ 2019-03-28T22:02:35+08:00 ][ sql ] [ SQL ] UPDATE `auth_rule`  SET `pid`=308,`name`='car/index',`icon`='fa fa-circle-o',`title`='查看',`ismenu`=0,`status`='normal',`updatetime`=1553781755  WHERE  `id` = 309 [ RunTime:0.000334s ]
[ 2019-03-28T22:02:35+08:00 ][ sql ] [ SQL ] UPDATE `auth_rule`  SET `pid`=308,`name`='car/add',`icon`='fa fa-circle-o',`title`='添加',`ismenu`=0,`status`='normal',`updatetime`=1553781755  WHERE  `id` = 310 [ RunTime:0.000310s ]
[ 2019-03-28T22:02:35+08:00 ][ sql ] [ SQL ] UPDATE `auth_rule`  SET `pid`=308,`name`='car/edit',`icon`='fa fa-circle-o',`title`='编辑',`ismenu`=0,`status`='normal',`updatetime`=1553781755  WHERE  `id` = 311 [ RunTime:0.000277s ]
[ 2019-03-28T22:02:35+08:00 ][ sql ] [ SQL ] UPDATE `auth_rule`  SET `pid`=308,`name`='car/del',`icon`='fa fa-circle-o',`title`='删除',`ismenu`=0,`status`='normal',`updatetime`=1553781755  WHERE  `id` = 312 [ RunTime:0.000277s ]
[ 2019-03-28T22:02:35+08:00 ][ sql ] [ SQL ] UPDATE `auth_rule`  SET `pid`=308,`name`='car/multi',`icon`='fa fa-circle-o',`title`='批量更新',`ismenu`=0,`status`='normal',`updatetime`=1553781755  WHERE  `id` = 313 [ RunTime:0.000269s ]
[ 2019-03-28T22:03:41+08:00 ][ sql ] [ DB ] CONNECT:[ UseTime:0.002224s ] mysql:host=127.0.0.1;dbname=car;charset=utf8
[ 2019-03-28T22:03:41+08:00 ][ sql ] [ SQL ] SHOW TABLE STATUS LIKE 'car' [ RunTime:0.000641s ]
[ 2019-03-28T22:04:05+08:00 ][ sql ] [ DB ] CONNECT:[ UseTime:0.002292s ] mysql:host=127.0.0.1;dbname=car;charset=utf8
[ 2019-03-28T22:04:05+08:00 ][ sql ] [ SQL ] SHOW TABLE STATUS LIKE 'car' [ RunTime:0.000661s ]
[ 2019-03-28T22:04:05+08:00 ][ sql ] [ SQL ] SELECT * FROM `information_schema`.`columns` WHERE TABLE_SCHEMA = 'car' AND table_name = 'car' ORDER BY ORDINAL_POSITION [ RunTime:0.001233s ]
[ 2019-03-28T22:04:05+08:00 ][ sql ] [ DB ] CONNECT:[ UseTime:0.002264s ] mysql:host=127.0.0.1;dbname=car;charset=utf8
[ 2019-03-28T22:04:05+08:00 ][ sql ] [ SQL ] SHOW COLUMNS FROM `auth_rule` [ RunTime:0.001111s ]
[ 2019-03-28T22:04:05+08:00 ][ sql ] [ SQL ] SELECT * FROM `auth_rule` WHERE  `name` = 'car' LIMIT 1 [ RunTime:0.000439s ]
[ 2019-03-28T22:04:05+08:00 ][ sql ] [ SQL ] INSERT INTO `auth_rule` (`pid` , `name` , `title` , `icon` , `remark` , `ismenu` , `status` , `createtime` , `updatetime`) VALUES (0 , 'car' , '速享车信息' , 'fa fa-car' , '' , 1 , 'normal' , 1553781845 , 1553781845) [ RunTime:0.004903s ]
[ 2019-03-28T22:04:05+08:00 ][ sql ] [ SQL ] SELECT `id` FROM `auth_rule` WHERE  `name` = 'car/index' LIMIT 1 [ RunTime:0.000342s ]
[ 2019-03-28T22:04:05+08:00 ][ sql ] [ SQL ] SELECT `id` FROM `auth_rule` WHERE  `name` = 'car/add' LIMIT 1 [ RunTime:0.000268s ]
[ 2019-03-28T22:04:05+08:00 ][ sql ] [ SQL ] SELECT `id` FROM `auth_rule` WHERE  `name` = 'car/edit' LIMIT 1 [ RunTime:0.000251s ]
[ 2019-03-28T22:04:05+08:00 ][ sql ] [ SQL ] SELECT `id` FROM `auth_rule` WHERE  `name` = 'car/del' LIMIT 1 [ RunTime:0.000242s ]
[ 2019-03-28T22:04:05+08:00 ][ sql ] [ SQL ] SELECT `id` FROM `auth_rule` WHERE  `name` = 'car/multi' LIMIT 1 [ RunTime:0.000247s ]
[ 2019-03-28T22:04:05+08:00 ][ sql ] [ SQL ] INSERT INTO `auth_rule` (`id` , `pid` , `name` , `icon` , `title` , `ismenu` , `status` , `createtime` , `updatetime`) VALUES (NULL , 314 , 'car/index' , 'fa fa-circle-o' , '查看' , 0 , 'normal' , 1553781845 , 1553781845) [ RunTime:0.000299s ]
[ 2019-03-28T22:04:05+08:00 ][ sql ] [ SQL ] INSERT INTO `auth_rule` (`id` , `pid` , `name` , `icon` , `title` , `ismenu` , `status` , `createtime` , `updatetime`) VALUES (NULL , 314 , 'car/add' , 'fa fa-circle-o' , '添加' , 0 , 'normal' , 1553781845 , 1553781845) [ RunTime:0.000267s ]
[ 2019-03-28T22:04:05+08:00 ][ sql ] [ SQL ] INSERT INTO `auth_rule` (`id` , `pid` , `name` , `icon` , `title` , `ismenu` , `status` , `createtime` , `updatetime`) VALUES (NULL , 314 , 'car/edit' , 'fa fa-circle-o' , '编辑' , 0 , 'normal' , 1553781845 , 1553781845) [ RunTime:0.000253s ]
[ 2019-03-28T22:04:05+08:00 ][ sql ] [ SQL ] INSERT INTO `auth_rule` (`id` , `pid` , `name` , `icon` , `title` , `ismenu` , `status` , `createtime` , `updatetime`) VALUES (NULL , 314 , 'car/del' , 'fa fa-circle-o' , '删除' , 0 , 'normal' , 1553781845 , 1553781845) [ RunTime:0.000256s ]
[ 2019-03-28T22:04:05+08:00 ][ sql ] [ SQL ] INSERT INTO `auth_rule` (`id` , `pid` , `name` , `icon` , `title` , `ismenu` , `status` , `createtime` , `updatetime`) VALUES (NULL , 314 , 'car/multi' , 'fa fa-circle-o' , '批量更新' , 0 , 'normal' , 1553781845 , 1553781845) [ RunTime:0.000250s ]
[ 2019-03-28T22:08:23+08:00 ][ sql ] [ DB ] CONNECT:[ UseTime:0.002365s ] mysql:host=127.0.0.1;dbname=car;charset=utf8
[ 2019-03-28T22:08:23+08:00 ][ sql ] [ SQL ] SHOW TABLE STATUS LIKE 'car' [ RunTime:0.000688s ]
[ 2019-03-28T22:08:40+08:00 ][ sql ] [ DB ] CONNECT:[ UseTime:0.002393s ] mysql:host=127.0.0.1;dbname=car;charset=utf8
[ 2019-03-28T22:08:40+08:00 ][ sql ] [ SQL ] SHOW TABLE STATUS LIKE 'car' [ RunTime:0.000676s ]
[ 2019-03-28T22:08:40+08:00 ][ sql ] [ SQL ] SELECT * FROM `information_schema`.`columns` WHERE TABLE_SCHEMA = 'car' AND table_name = 'car' ORDER BY ORDINAL_POSITION [ RunTime:0.001308s ]
[ 2019-03-28T22:08:40+08:00 ][ sql ] [ DB ] CONNECT:[ UseTime:0.002206s ] mysql:host=127.0.0.1;dbname=car;charset=utf8
[ 2019-03-28T22:08:40+08:00 ][ sql ] [ SQL ] SHOW COLUMNS FROM `auth_rule` [ RunTime:0.001194s ]
[ 2019-03-28T22:08:40+08:00 ][ sql ] [ SQL ] SELECT * FROM `auth_rule` WHERE  `name` = 'car' LIMIT 1 [ RunTime:0.000437s ]
[ 2019-03-28T22:08:40+08:00 ][ sql ] [ SQL ] INSERT INTO `auth_rule` (`pid` , `name` , `title` , `icon` , `remark` , `ismenu` , `status` , `createtime` , `updatetime`) VALUES (0 , 'car' , '速享车信息' , 'fa fa-car' , '' , 1 , 'normal' , 1553782120 , 1553782120) [ RunTime:0.003753s ]
[ 2019-03-28T22:08:40+08:00 ][ sql ] [ SQL ] SELECT `id` FROM `auth_rule` WHERE  `name` = 'car/index' LIMIT 1 [ RunTime:0.000335s ]
[ 2019-03-28T22:08:40+08:00 ][ sql ] [ SQL ] SELECT `id` FROM `auth_rule` WHERE  `name` = 'car/add' LIMIT 1 [ RunTime:0.000253s ]
[ 2019-03-28T22:08:40+08:00 ][ sql ] [ SQL ] SELECT `id` FROM `auth_rule` WHERE  `name` = 'car/edit' LIMIT 1 [ RunTime:0.000268s ]
[ 2019-03-28T22:08:40+08:00 ][ sql ] [ SQL ] SELECT `id` FROM `auth_rule` WHERE  `name` = 'car/del' LIMIT 1 [ RunTime:0.000242s ]
[ 2019-03-28T22:08:40+08:00 ][ sql ] [ SQL ] SELECT `id` FROM `auth_rule` WHERE  `name` = 'car/multi' LIMIT 1 [ RunTime:0.000239s ]
[ 2019-03-28T22:08:40+08:00 ][ sql ] [ SQL ] INSERT INTO `auth_rule` (`id` , `pid` , `name` , `icon` , `title` , `ismenu` , `status` , `createtime` , `updatetime`) VALUES (NULL , 320 , 'car/index' , 'fa fa-circle-o' , '查看' , 0 , 'normal' , 1553782120 , 1553782120) [ RunTime:0.000295s ]
[ 2019-03-28T22:08:40+08:00 ][ sql ] [ SQL ] INSERT INTO `auth_rule` (`id` , `pid` , `name` , `icon` , `title` , `ismenu` , `status` , `createtime` , `updatetime`) VALUES (NULL , 320 , 'car/add' , 'fa fa-circle-o' , '添加' , 0 , 'normal' , 1553782120 , 1553782120) [ RunTime:0.000277s ]
[ 2019-03-28T22:08:40+08:00 ][ sql ] [ SQL ] INSERT INTO `auth_rule` (`id` , `pid` , `name` , `icon` , `title` , `ismenu` , `status` , `createtime` , `updatetime`) VALUES (NULL , 320 , 'car/edit' , 'fa fa-circle-o' , '编辑' , 0 , 'normal' , 1553782120 , 1553782120) [ RunTime:0.000253s ]
[ 2019-03-28T22:08:40+08:00 ][ sql ] [ SQL ] INSERT INTO `auth_rule` (`id` , `pid` , `name` , `icon` , `title` , `ismenu` , `status` , `createtime` , `updatetime`) VALUES (NULL , 320 , 'car/del' , 'fa fa-circle-o' , '删除' , 0 , 'normal' , 1553782120 , 1553782120) [ RunTime:0.000265s ]
[ 2019-03-28T22:08:40+08:00 ][ sql ] [ SQL ] INSERT INTO `auth_rule` (`id` , `pid` , `name` , `icon` , `title` , `ismenu` , `status` , `createtime` , `updatetime`) VALUES (NULL , 320 , 'car/multi' , 'fa fa-circle-o' , '批量更新' , 0 , 'normal' , 1553782120 , 1553782120) [ RunTime:0.000253s ]
